[ AutoCAD - Mon Sep 05 14:34:38 2022  ]----------------------------------------

正在打开 AutoCAD 2004/LT 2004 格式的文件。
正在用 [romans.shx] 替换 [ROMANS2]。

C:\HzAutoCadFonts\ltypeshp.shx 是形文件，不是文字字体文件。
正在用 [romans.shx] 替换 [ltypeshp.shx]。
正在用 [romans.shx] 替换 [ltypeshp.shx]。
正在重生成模型。

加载建模 DLL。


AutoCAD 菜单实用工具 已加载。
贱人工具箱已加载，启动命令：y、yy; 错误: 
*取消*

命令: 

Autodesk DWG。  此文件上次由 Autodesk 应用程序或 Autodesk 许可的应用程序保存，是可靠的 DWG。

命令: 

命令: 
命令: ST
STYLE 
命令: FF_MODIFYTEXTSTYLE
正在重生成模型。

命令: ST
STYLE 
命令: ST
STYLE 
命令: PU
PURGE 已删除孤立的 DGN 线型数据。
已清理 2019-02-21-0001。
已清理 A$C0FCF704C。
已清理 A$C14BE2A67。
已清理 A$C14ED57E8。
已清理 A$C26A1101C。
已清理 A$C3EBD5528。
已清理 A$C694644FC。
已清理 M-TAB-HEAD-VRW。
已清理 SDK-X-12B-L。
已清理 SDK-X-12B-W。
已清理 SDK-X-16B-L。
已清理 SDK-X-16B-W。
已清理 SDK-X-2-L。
已清理 SDK-X-2-W。
已清理 SDK-X-20B-L。
已清理 SDK-X-25B-L。
已清理 SDK-X-25B-W。
已清理 SDK-X-3-L。
已清理 SDK-X-3-W。
已清理 SDK-X-4-W。
已清理 SDK-X-4B-L。
已清理 SDK-X-5-W。
已清理 SDK-X-5B-L。
已清理 SDK-X-6B-L。
已清理 SDK-X-7B-L。
已清理 SDK-X-7B-W。
已清理 SDK-X-8B-L。
已清理 SGT-350。
已清理 SGT-450。
已清理 SGT-470。
已清理 SGT-570。
已清理 SGT-670。
已清理 SGT-680。
已清理 SGT-780。
已清理 HVAC。
已清理 M-DIM-150。
已清理 M-DIM-20。
已清理 M-20190831预审意见修改。
已清理 M-DUCT-S-MID-C。
已清理 M-LOAD-HST。
已清理 M-VRF-TAB。
已清理 M-VRF-TAB-TEXT。
已清理 VRV-TAB。
已清理 公共_剖面图_其它线。
已清理 公共_剖面图_剖面线。
已清理 公共_剖面图_参考线。
已清理 公共_剖面图_文字。
已清理 公共_剖面图_隐藏线。
已清理 公共_图框。
已清理 公共_标注。
已清理 公共_碰撞检测_已解决建筑硬碰撞。
已清理 公共_碰撞检测_已解决建筑软碰撞。
已清理 公共_碰撞检测_已解决硬碰撞。
已清理 公共_碰撞检测_已解决软碰撞。
已清理 公共_碰撞检测_建筑硬碰撞。
已清理 公共_碰撞检测_建筑软碰撞。
已清理 公共_碰撞检测_硬碰撞。
已清理 公共_碰撞检测_软碰撞。
已清理 公共_表格。
已清理 !1#$0${ -E- }。
已清理 !1#$0${ Arrow }。
已清理 !1#$0${ Chain Double-Dash }。
已清理 !1#$0${ Gas Line }。
已清理 !1#$0${ Offset Lines }。
已清理 !1#$0${ Origin Line }。
已清理 !1#$0${ Tapered Dash }。
已清理 !2#$0${ -E- }。
已清理 !2#$0${ Arrow }。
已清理 !2#$0${ Chain Double-Dash }。
已清理 !2#$0${ Gas Line }。
已清理 !2#$0${ Offset Lines }。
已清理 !2#$0${ Origin Line }。
已清理 !2#$0${ Tapered Dash }。
已清理 !4#10#$0${ -E- }。
已清理 !4#10#$0${ Arrow }。
已清理 !4#10#$0${ Chain Double-Dash }。
已清理 !4#10#$0${ Gas Line }。
已清理 !4#10#$0${ Offset Lines }。
已清理 !4#10#$0${ Origin Line }。
已清理 !4#10#$0${ Tapered Dash }。
已清理 !7#$0${ -E- }。
已清理 !7#$0${ Arrow }。
已清理 !7#$0${ Chain Double-Dash }。
已清理 !7#$0${ Gas Line }。
已清理 !7#$0${ Offset Lines }。
已清理 !7#$0${ Origin Line }。
已清理 !7#$0${ Tapered Dash }。
已清理 !地下室$0$!1#$0${ -E- }。
已清理 !地下室$0$!1#$0${ Arrow }。
已清理 !地下室$0$!1#$0${ Chain Double-Dash }。
已清理 !地下室$0$!1#$0${ Gas Line }。
已清理 !地下室$0$!1#$0${ Offset Lines }。
已清理 !地下室$0$!1#$0${ Origin Line }。
已清理 !地下室$0$!1#$0${ Tapered Dash }。
已清理 !地下室$0$!2#$0${ -E- }。
已清理 !地下室$0$!2#$0${ Arrow }。
已清理 !地下室$0$!2#$0${ Chain Double-Dash }。
已清理 !地下室$0$!2#$0${ Gas Line }。
已清理 !地下室$0$!2#$0${ Offset Lines }。
已清理 !地下室$0$!2#$0${ Origin Line }。
已清理 !地下室$0$!2#$0${ Tapered Dash }。
已清理 !地下室$0$!4#10#$0${ -E- }。
已清理 !地下室$0$!4#10#$0${ Arrow }。
已清理 !地下室$0$!4#10#$0${ Chain Double-Dash }。
已清理 !地下室$0$!4#10#$0${ Gas Line }。
已清理 !地下室$0$!4#10#$0${ Offset Lines }。
已清理 !地下室$0$!4#10#$0${ Origin Line }。
已清理 !地下室$0$!4#10#$0${ Tapered Dash }。
已清理 !地下室$0$!7#$0${ -E- }。
已清理 !地下室$0$!7#$0${ Arrow }。
已清理 !地下室$0$!7#$0${ Chain Double-Dash }。
已清理 !地下室$0$!7#$0${ Gas Line }。
已清理 !地下室$0$!7#$0${ Offset Lines }。
已清理 !地下室$0$!7#$0${ Origin Line }。
已清理 !地下室$0$!7#$0${ Tapered Dash }。
已清理 !地下室$0$!地下室$0${ -E- }。
已清理 !地下室$0$!地下室$0${ Arrow }。
已清理 !地下室$0$!地下室$0${ Chain Double-Dash }。
已清理 !地下室$0$!地下室$0${ Gas Line }。
已清理 !地下室$0$!地下室$0${ Offset Lines }。
已清理 !地下室$0$!地下室$0${ Origin Line }。
已清理 !地下室$0$!地下室$0${ Tapered Dash }。
已清理 $0$A-规划馆-平面-表皮$0$A-规划馆-平面-。
已清理 $0$A-规划馆-平面-表皮$0$CENTERX2。
已清理 ( Center )。
已清理 022587-G-SP-145-OFFS$0$DASHED。
已清理 022587-G-SP-145-OFFS$0$GR50。
已清理 022587-V-BASE$0$BWIRE。
已清理 022587.3-C-STRM$0$HIDDEN。
已清理 0924酒店修改$0${ Batten }。
已清理 1#1F$0$022587-G-SP-145-OFFS$0$DASHED。
已清理 1#1F$0$022587-G-SP-145-OFFS$0$GR50。
已清理 1#1F$0$022587-V-BASE$0$BWIRE。
已清理 1#1F$0$022587.3-C-STRM$0$HIDDEN。
已清理 1#1F$0$All Day Dining$0$X-ME SHAFT SH$0$X-B2$0$CENTER。
已清理 1#1F$0$All Day Dining$0$X-ME SHAFT SH$0$X-B2$0$WATER_LINE。
已清理 1#1F$0$All Day Dining$0$X-ME SHAFT SH$0$X_1st core$0$CENTER。
已清理 1#1F$0$All Day Dining$0$X-ME SHAFT SH$0$X_1st core$0$WATER_LINE。
已清理 1#1F$0$attenuator。
已清理 1#1F$0$Banquet$0$X-ME SHAFT SH$0$X-B2$0$CENTER。
已清理 1#1F$0$Banquet$0$X-ME SHAFT SH$0$X-B2$0$WATER_LINE。
已清理 1#1F$0$Banquet$0$X-ME SHAFT SH$0$X_1st core$0$CENTER。
已清理 1#1F$0$Banquet$0$X-ME SHAFT SH$0$X_1st core$0$WATER_LINE。
已清理 1#1F$0$barricade1。
已清理 1#1F$0$barricade2。
已清理 1#1F$0$barricade3。
已清理 1#1F$0$barricade4。
已清理 1#1F$0$barrier1。
已清理 1#1F$0$bfo。
已清理 1#1F$0$bt。
已清理 1#1F$0$Chinese Restaurant$0$X-ME SHAFT SH$0$X-B2$0$CENTER。
已清理 1#1F$0$Chinese Restaurant$0$X-ME SHAFT SH$0$X-B2$0$WATER_LINE。
已清理 1#1F$0$Chinese Restaurant$0$X-ME SHAFT SH$0$X_1st core$0$CENTER。
已清理 1#1F$0$Chinese Restaurant$0$X-ME SHAFT SH$0$X_1st core$0$WATER_LINE。
已清理 1#1F$0$CLIMIT。
已清理 1#1F$0$COLINE。
已清理 1#1F$0$e-be。
已清理 1#1F$0$e-bt。
已清理 1#1F$0$e-btv。
已清理 1#1F$0$e-g。
已清理 1#1F$0$e-npw。
已清理 1#1F$0$e-oe。
已清理 1#1F$0$e-ofo。
已清理 1#1F$0$e-ot。
已清理 1#1F$0$e-otv。
已清理 1#1F$0$e-s。
已清理 1#1F$0$e-stm。
已清理 1#1F$0$e-w。
已清理 1#1F$0$exlite_cond1。
已清理 1#1F$0$exlite_cond3。
已清理 1#1F$0$exlite_cond4。
已清理 1#1F$0$exlite_cond5。
已清理 1#1F$0$Fence1。
已清理 1#1F$0$g。
已清理 1#1F$0$grail1。
已清理 1#1F$0$grail2。
已清理 1#1F$0$grdbl。
已清理 1#1F$0$intcon1。
已清理 1#1F$0$LA。
已清理 1#1F$0$laflt。
已清理 1#1F$0$LaneLine_exist。
已清理 1#1F$0$lite_cond1。
已清理 1#1F$0$lite_cond2。
已清理 1#1F$0$lite_cond3。
已清理 1#1F$0$lite_cond4。
已清理 1#1F$0$lite_cond5。
已清理 1#1F$0$LOC。
已清理 1#1F$0$npw。
已清理 1#1F$0$oe。
已清理 1#1F$0$ofo。
已清理 1#1F$0$ot。
已清理 1#1F$0$otv。
已清理 1#1F$0$pet。
已清理 1#1F$0$PHANTOM。
已清理 1#1F$0$QSEC。
已清理 1#1F$0$s。
已清理 1#1F$0$SECLIN。
已清理 1#1F$0$silt_fence。
已清理 1#1F$0$skip 10 30 contrast。
已清理 1#1F$0$skip10 10 20contrast。
已清理 1#1F$0$Specialty Restaurant$0$X-ME SHAFT SH$0$X-B2$0$CENTER。
已清理 1#1F$0$Specialty Restaurant$0$X-ME SHAFT SH$0$X-B2$0$WATER_LINE。
已清理 1#1F$0$Specialty Restaurant$0$X-ME SHAFT SH$0$X_1st core$0$CENTER。
已清理 1#1F$0$Specialty Restaurant$0$X-ME SHAFT SH$0$X_1st core$0$WATER_LINE。
已清理 1#1F$0$stm。
已清理 1#1F$0$stripe08。
已清理 1#1F$0$TEMPE。
已清理 1#1F$0$TWPRGE。
已清理 1#1F$0$Wash Room$0$X-ME SHAFT SH$0$X-B2$0$CENTER。
已清理 1#1F$0$Wash Room$0$X-ME SHAFT SH$0$X-B2$0$WATER_LINE。
已清理 1#1F$0$Wash Room$0$X-ME SHAFT SH$0$X_1st core$0$CENTER。
已清理 1#1F$0$Wash Room$0$X-ME SHAFT SH$0$X_1st core$0$WATER_LINE。
已清理 1#1F$0$wetland。
已清理 1#1F$0$woodline。
已清理 1#1F$0$X-ME SHAFT SH$0$X-B2$0$CENTER。
已清理 1#1F$0$X-ME SHAFT SH$0$X-B2$0$WATER_LINE。
已清理 1#1F$0$X-ME SHAFT SH$0$X_1st core$0$CENTER。
已清理 1#1F$0$X-ME SHAFT SH$0$X_1st core$0$WATER_LINE。
已清理 1#1F$0${ -E- }。
已清理 1#1F$0${ Arrow }。
已清理 1#1F$0${ Gas Line }。
已清理 1#1F$0${ Offset Lines }。
已清理 1#1F$0${ Origin Line }。
已清理 1#1F$0${ Tapered Dash }。
已清理 1#1F$0$复件 140224通州运河二期售楼部条件图_t3$0$PHANTOM。
已清理 1#1F$0$复件 140224通州运河二期售楼部条件图_t3$0$X-ME SHAFT SH$0$X-B2$0$CENTER。
已清理 1#1F$0$复件 140224通州运河二期售楼部条件图_t3$0$X-ME SHAFT SH$0$X-B2$0$WATER_LINE。
已清理 1#1F$0$复件 140224通州运河二期售楼部条件图_t3$0$X-ME SHAFT SH$0$X_1st core$0$CENTER。
已清理 1#1F$0$复件 140224通州运河二期售楼部条件图_t3$0$X-ME SHAFT SH$0$X_1st core$0$WATER_LINE。
已清理 180_110。
已清理 ACAD_ISO02W100。
已清理 ACAD_ISO14W100。
已清理 All Day Dining$0$X-ME SHAFT SH$0$X-B2$0$CENTER。
已清理 All Day Dining$0$X-ME SHAFT SH$0$X-B2$0$WATER_LINE。
已清理 All Day Dining$0$X-ME SHAFT SH$0$X_1st core$0$CENTER。
已清理 All Day Dining$0$X-ME SHAFT SH$0$X_1st core$0$WATER_LINE。
已清理 attenuator。
已清理 Ax-B-comp-B1-$0$TRAZOS。
已清理 Ax-B-comp-B1-$0${ Cable   Tele }。
已清理 Ax-B-comp-B1-$0${ Curtain }。
已清理 Ax-B-comp-B1-$0${ Half Dash }。
已清理 Ax-B-comp-B1-$0${ Leader Line}。
已清理 Ax-B-comp-B1-$0${ Offset Lines }。
已清理 Ax-B-comp-B1-$0${ Tapered Dash }。
已清理 Ax-B-comp-B1-$0${ Wide Dash }。
已清理 Ax-B-comp-L1-$0$Ax-B-comp-B1-$0$TRAZOS。
已清理 Ax-B-comp-L1-$0$Ax-B-comp-B1-$0${ Cable   Tele }。
已清理 Ax-B-comp-L1-$0$Ax-B-comp-B1-$0${ Curtain }。
已清理 Ax-B-comp-L1-$0$Ax-B-comp-B1-$0${ Half Dash }。
已清理 Ax-B-comp-L1-$0$Ax-B-comp-B1-$0${ Leader Line}。
已清理 Ax-B-comp-L1-$0$Ax-B-comp-B1-$0${ Offset Lines }。
已清理 Ax-B-comp-L1-$0$Ax-B-comp-B1-$0${ Tapered Dash }。
已清理 Ax-B-comp-L1-$0$Ax-B-comp-B1-$0${ Wide Dash }。
已清理 Ax-B-comp-L1-$0$Ax-B-comp-LG-$0$TRAZOS。
已清理 Ax-B-comp-L1-$0$Ax-B-comp-LG-$0${ Cable   Tele }。
已清理 Ax-B-comp-L1-$0$Ax-B-comp-LG-$0${ Curtain }。
已清理 Ax-B-comp-L1-$0$Ax-B-comp-LG-$0${ Half Dash }。
已清理 Ax-B-comp-L1-$0$Ax-B-comp-LG-$0${ Leader Line}。
已清理 Ax-B-comp-L1-$0$Ax-B-comp-LG-$0${ Offset Lines }。
已清理 Ax-B-comp-L1-$0$Ax-B-comp-LG-$0${ Tapered Dash }。
已清理 Ax-B-comp-L1-$0$Ax-B-comp-LG-$0${ Wide Dash }。
已清理 Ax-B-comp-L2-$0$Ax-B-comp-B1-$0$TRAZOS。
已清理 Ax-B-comp-L2-$0$Ax-B-comp-B1-$0${ Cable   Tele }。
已清理 Ax-B-comp-L2-$0$Ax-B-comp-B1-$0${ Curtain }。
已清理 Ax-B-comp-L2-$0$Ax-B-comp-B1-$0${ Half Dash }。
已清理 Ax-B-comp-L2-$0$Ax-B-comp-B1-$0${ Leader Line}。
已清理 Ax-B-comp-L2-$0$Ax-B-comp-B1-$0${ Offset Lines }。
已清理 Ax-B-comp-L2-$0$Ax-B-comp-B1-$0${ Tapered Dash }。
已清理 Ax-B-comp-L2-$0$Ax-B-comp-B1-$0${ Wide Dash }。
已清理 Ax-B-comp-L2-$0$Ax-B-comp-LG-$0$TRAZOS。
已清理 Ax-B-comp-L2-$0$Ax-B-comp-LG-$0${ Cable   Tele }。
已清理 Ax-B-comp-L2-$0$Ax-B-comp-LG-$0${ Curtain }。
已清理 Ax-B-comp-L2-$0$Ax-B-comp-LG-$0${ Half Dash }。
已清理 Ax-B-comp-L2-$0$Ax-B-comp-LG-$0${ Leader Line}。
已清理 Ax-B-comp-L2-$0$Ax-B-comp-LG-$0${ Offset Lines }。
已清理 Ax-B-comp-L2-$0$Ax-B-comp-LG-$0${ Tapered Dash }。
已清理 Ax-B-comp-L2-$0$Ax-B-comp-LG-$0${ Wide Dash }。
已清理 Ax-B-comp-L3-$0$Ax-B-comp-B1-$0$TRAZOS。
已清理 Ax-B-comp-L3-$0$Ax-B-comp-B1-$0${ Cable   Tele }。
已清理 Ax-B-comp-L3-$0$Ax-B-comp-B1-$0${ Curtain }。
已清理 Ax-B-comp-L3-$0$Ax-B-comp-B1-$0${ Half Dash }。
已清理 Ax-B-comp-L3-$0$Ax-B-comp-B1-$0${ Leader Line}。
已清理 Ax-B-comp-L3-$0$Ax-B-comp-B1-$0${ Offset Lines }。
已清理 Ax-B-comp-L3-$0$Ax-B-comp-B1-$0${ Tapered Dash }。
已清理 Ax-B-comp-L3-$0$Ax-B-comp-B1-$0${ Wide Dash }。
已清理 Ax-B-comp-L3-$0$Ax-B-comp-LG-$0$TRAZOS。
已清理 Ax-B-comp-L3-$0$Ax-B-comp-LG-$0${ Cable   Tele }。
已清理 Ax-B-comp-L3-$0$Ax-B-comp-LG-$0${ Curtain }。
已清理 Ax-B-comp-L3-$0$Ax-B-comp-LG-$0${ Half Dash }。
已清理 Ax-B-comp-L3-$0$Ax-B-comp-LG-$0${ Leader Line}。
已清理 Ax-B-comp-L3-$0$Ax-B-comp-LG-$0${ Offset Lines }。
已清理 Ax-B-comp-L3-$0$Ax-B-comp-LG-$0${ Tapered Dash }。
已清理 Ax-B-comp-L3-$0$Ax-B-comp-LG-$0${ Wide Dash }。
已清理 Ax-B-comp-L4-$0$Ax-B-comp-B1-$0$TRAZOS。
已清理 Ax-B-comp-L4-$0$Ax-B-comp-B1-$0${ Cable   Tele }。
已清理 Ax-B-comp-L4-$0$Ax-B-comp-B1-$0${ Curtain }。
已清理 Ax-B-comp-L4-$0$Ax-B-comp-B1-$0${ Half Dash }。
已清理 Ax-B-comp-L4-$0$Ax-B-comp-B1-$0${ Leader Line}。
已清理 Ax-B-comp-L4-$0$Ax-B-comp-B1-$0${ Offset Lines }。
已清理 Ax-B-comp-L4-$0$Ax-B-comp-B1-$0${ Tapered Dash }。
已清理 Ax-B-comp-L4-$0$Ax-B-comp-B1-$0${ Wide Dash }。
已清理 Ax-B-comp-L4-$0$Ax-B-comp-LG-$0$TRAZOS。
已清理 Ax-B-comp-L4-$0$Ax-B-comp-LG-$0${ Cable   Tele }。
已清理 Ax-B-comp-L4-$0$Ax-B-comp-LG-$0${ Curtain }。
已清理 Ax-B-comp-L4-$0$Ax-B-comp-LG-$0${ Half Dash }。
已清理 Ax-B-comp-L4-$0$Ax-B-comp-LG-$0${ Leader Line}。
已清理 Ax-B-comp-L4-$0$Ax-B-comp-LG-$0${ Offset Lines }。
已清理 Ax-B-comp-L4-$0$Ax-B-comp-LG-$0${ Tapered Dash }。
已清理 Ax-B-comp-L4-$0$Ax-B-comp-LG-$0${ Wide Dash }。
已清理 Ax-B-comp-L5(BXDW)-$0$TRAZOS。
已清理 Ax-B-comp-L5(BXDW)-$0${ Cable   Tele }。
已清理 Ax-B-comp-L5(BXDW)-$0${ Curtain }。
已清理 Ax-B-comp-L5(BXDW)-$0${ Half Dash }。
已清理 Ax-B-comp-L5(BXDW)-$0${ Leader Line}。
已清理 Ax-B-comp-L5(BXDW)-$0${ Offset Lines }。
已清理 Ax-B-comp-L5(BXDW)-$0${ Tapered Dash }。
已清理 Ax-B-comp-L5(BXDW)-$0${ Wide Dash }。
已清理 Ax-B-comp-L5-$0$Ax-B-comp-B1-$0$TRAZOS。
已清理 Ax-B-comp-L5-$0$Ax-B-comp-B1-$0${ Cable   Tele }。
已清理 Ax-B-comp-L5-$0$Ax-B-comp-B1-$0${ Curtain }。
已清理 Ax-B-comp-L5-$0$Ax-B-comp-B1-$0${ Half Dash }。
已清理 Ax-B-comp-L5-$0$Ax-B-comp-B1-$0${ Leader Line}。
已清理 Ax-B-comp-L5-$0$Ax-B-comp-B1-$0${ Offset Lines }。
已清理 Ax-B-comp-L5-$0$Ax-B-comp-B1-$0${ Tapered Dash }。
已清理 Ax-B-comp-L5-$0$Ax-B-comp-B1-$0${ Wide Dash }。
已清理 Ax-B-comp-L5-$0$Ax-B-comp-LG-$0$TRAZOS。
已清理 Ax-B-comp-L5-$0$Ax-B-comp-LG-$0${ Cable   Tele }。
已清理 Ax-B-comp-L5-$0$Ax-B-comp-LG-$0${ Curtain }。
已清理 Ax-B-comp-L5-$0$Ax-B-comp-LG-$0${ Half Dash }。
已清理 Ax-B-comp-L5-$0$Ax-B-comp-LG-$0${ Leader Line}。
已清理 Ax-B-comp-L5-$0$Ax-B-comp-LG-$0${ Offset Lines }。
已清理 Ax-B-comp-L5-$0$Ax-B-comp-LG-$0${ Tapered Dash }。
已清理 Ax-B-comp-L5-$0$Ax-B-comp-LG-$0${ Wide Dash }。
已清理 Ax-B-comp-LG-$0$Ax-B-comp-B1-$0$TRAZOS。
已清理 Ax-B-comp-LG-$0$Ax-B-comp-B1-$0${ Cable   Tele }。
已清理 Ax-B-comp-LG-$0$Ax-B-comp-B1-$0${ Curtain }。
已清理 Ax-B-comp-LG-$0$Ax-B-comp-B1-$0${ Half Dash }。
已清理 Ax-B-comp-LG-$0$Ax-B-comp-B1-$0${ Leader Line}。
已清理 Ax-B-comp-LG-$0$Ax-B-comp-B1-$0${ Offset Lines }。
已清理 Ax-B-comp-LG-$0$Ax-B-comp-B1-$0${ Tapered Dash }。
已清理 Ax-B-comp-LG-$0$Ax-B-comp-B1-$0${ Wide Dash }。
已清理 Ax-B-comp-LG-$0$Ax-B-comp-LG-$0$TRAZOS。
已清理 Ax-B-comp-LG-$0$Ax-B-comp-LG-$0${ Cable   Tele }。
已清理 Ax-B-comp-LG-$0$Ax-B-comp-LG-$0${ Curtain }。
已清理 Ax-B-comp-LG-$0$Ax-B-comp-LG-$0${ Half Dash }。
已清理 Ax-B-comp-LG-$0$Ax-B-comp-LG-$0${ Leader Line}。
已清理 Ax-B-comp-LG-$0$Ax-B-comp-LG-$0${ Offset Lines }。
已清理 Ax-B-comp-LG-$0$Ax-B-comp-LG-$0${ Tapered Dash }。
已清理 Ax-B-comp-LG-$0$Ax-B-comp-LG-$0${ Wide Dash }。
已清理 Ax-B-comp-LG-$0$TRAZOS。
已清理 Ax-B-comp-LG-$0${ Cable   Tele }。
已清理 Ax-B-comp-LG-$0${ Curtain }。
已清理 Ax-B-comp-LG-$0${ Half Dash }。
已清理 Ax-B-comp-LG-$0${ Leader Line}。
已清理 Ax-B-comp-LG-$0${ Offset Lines }。
已清理 Ax-B-comp-LG-$0${ Tapered Dash }。
已清理 Ax-B-comp-LG-$0${ Wide Dash }。
已清理 Ax-B-comp-LG-$1$TRAZOS。
已清理 Ax-B-comp-LG-$1${ Cable   Tele }。
已清理 Ax-B-comp-LG-$1${ Curtain }。
已清理 Ax-B-comp-LG-$1${ Half Dash }。
已清理 Ax-B-comp-LG-$1${ Leader Line}。
已清理 Ax-B-comp-LG-$1${ Offset Lines }。
已清理 Ax-B-comp-LG-$1${ Tapered Dash }。
已清理 Ax-B-comp-LG-$1${ Wide Dash }。
已清理 Axis_B1-NEW$0$ACAD_ISO02W100。
已清理 Axis_B1-NEW$0$ACAD_ISO14W100。
已清理 Axis_B1-NEW$0$DASHDOT。
已清理 Axis_B1-NEW$0$DASHED。
已清理 Axis_B1-NEW$0$PUNKT。
已清理 Axis_B1-NEW$0$体育中心-FP1$0$ACAD_ISO02W100。
已清理 Axis_B1-NEW$0$体育中心-FP1$0$ACAD_ISO14W100。
已清理 Axis_B1-NEW$0$体育中心-FP1$0$DASHDOT。
已清理 Axis_B1-NEW$0$体育中心-FP1$0$DASHED。
已清理 Axis_B1-NEW$0$体育中心-FP1$0$PUNKT。
已清理 Axis_B2-NEW$0$ACAD_ISO02W100。
已清理 Axis_B2-NEW$0$ACAD_ISO14W100。
已清理 Axis_B2-NEW$0$DASHDOT。
已清理 Axis_B2-NEW$0$DASHED。
已清理 Axis_B2-NEW$0$PUNKT。
已清理 Axis_B2-NEW$0$体育中心-FP1$0$ACAD_ISO02W100。
已清理 Axis_B2-NEW$0$体育中心-FP1$0$ACAD_ISO14W100。
已清理 Axis_B2-NEW$0$体育中心-FP1$0$DASHDOT。
已清理 Axis_B2-NEW$0$体育中心-FP1$0$DASHED。
已清理 Axis_B2-NEW$0$体育中心-FP1$0$PUNKT。
已清理 b3-b1$0$b3-b1$0$X-ME SHAFT SH$0$X-B2$0$CENTER。
已清理 b3-b1$0$b3-b1$0$X-ME SHAFT SH$0$X-B2$0$WATER_LINE。
已清理 b3-b1$0$b3-b1$0$X-ME SHAFT SH$0$X_1st core$0$CENTER。
已清理 b3-b1$0$b3-b1$0$X-ME SHAFT SH$0$X_1st core$0$WATER_LINE。
已清理 b3-b1$0$X-ME SHAFT SH$0$X-B2$0$CENTER。
已清理 b3-b1$0$X-ME SHAFT SH$0$X-B2$0$WATER_LINE。
已清理 b3-b1$0$X-ME SHAFT SH$0$X_1st core$0$CENTER。
已清理 b3-b1$0$X-ME SHAFT SH$0$X_1st core$0$WATER_LINE。
已清理 b3-b1$0$xs-park-cols-b3$0$X-ME SHAFT SH$0$X-B2$0$CENTER。
已清理 b3-b1$0$xs-park-cols-b3$0$X-ME SHAFT SH$0$X-B2$0$WATER_LINE。
已清理 b3-b1$0$xs-park-cols-b3$0$X-ME SHAFT SH$0$X_1st core$0$CENTER。
已清理 b3-b1$0$xs-park-cols-b3$0$X-ME SHAFT SH$0$X_1st core$0$WATER_LINE。
已清理 Banquet$0$X-ME SHAFT SH$0$X-B2$0$CENTER。
已清理 Banquet$0$X-ME SHAFT SH$0$X-B2$0$WATER_LINE。
已清理 Banquet$0$X-ME SHAFT SH$0$X_1st core$0$CENTER。
已清理 Banquet$0$X-ME SHAFT SH$0$X_1st core$0$WATER_LINE。
已清理 barricade1。
已清理 barricade2。
已清理 barricade3。
已清理 barricade4。
已清理 barrier1。
已清理 bfo。
已清理 BORDER。
已清理 bt。
已清理 Chinese Restaurant$0$X-ME SHAFT SH$0$X-B2$0$CENTER。
已清理 Chinese Restaurant$0$X-ME SHAFT SH$0$X-B2$0$WATER_LINE。
已清理 Chinese Restaurant$0$X-ME SHAFT SH$0$X_1st core$0$CENTER。
已清理 Chinese Restaurant$0$X-ME SHAFT SH$0$X_1st core$0$WATER_LINE。
已清理 CLIMIT。
已清理 COLINE。
已清理 CONDENSATE-PIPE。
已清理 DOT。
已清理 Drawing3$0${ Batten }。
已清理 e-be。
已清理 e-bt。
已清理 e-btv。
已清理 e-g。
已清理 e-npw。
已清理 e-oe。
已清理 e-ofo。
已清理 e-ot。
已清理 e-otv。
已清理 e-s。
已清理 e-stm。
已清理 e-w。
已清理 exlite_cond1。
已清理 exlite_cond3。
已清理 exlite_cond4。
已清理 exlite_cond5。
已清理 Fence1。
已清理 g。
已清理 grail1。
已清理 grail2。
已清理 grdbl。
已清理 intcon1。
已清理 JZ-#地下室$0$XCI-800-CUT$0$302-11-002$0$OH_DUPLEX。
已清理 JZ-#地下室$0$XCI-800-CUT$0$302-11-002$0$OH_QUAD。
已清理 JZ-#地下室$0$XCI-800-CUT$0$302-11-002$0$OH_TRIPLEX。
已清理 JZ-#地下室$0$XCI-800-CUT$0$302-11-002$0$SPAN 2。
已清理 JZ-#地下室$0$XCI-800-CUT$0$302-11-002$0$SPAN 3。
已清理 JZ-#地下室$0$XCI-800-CUT$0$302-11-002$0$SPAN 4。
已清理 JZ-#地下室$0$XCI-800-CUT$0$H20_LINE。
已清理 JZ-#地下室$0$XCI-800-CUT$0$OHP_LINE。
已清理 JZ-#地下室$0$XCI-800-CUT$0$OHP_LINE_X2。
已清理 LA。
已清理 laflt。
已清理 LAL_L330_P_TDGA_T-Decking Option 1$0$( Center )。
已清理 LaneLine_exist。
已清理 lite_cond1。
已清理 lite_cond2。
已清理 lite_cond3。
已清理 lite_cond4。
已清理 lite_cond5。
已清理 LOC。
已清理 npw。
已清理 oe。
已清理 ofo。
已清理 ot。
已清理 otv。
已清理 pet。
已清理 PHANTOM。
已清理 Punkt。
已清理 QSEC。
已清理 RFwall-B3$0$X-ME SHAFT SH$0$X-B2$0$CENTER。
已清理 RFwall-B3$0$X-ME SHAFT SH$0$X-B2$0$WATER_LINE。
已清理 RFwall-B3$0$X-ME SHAFT SH$0$X_1st core$0$CENTER。
已清理 RFwall-B3$0$X-ME SHAFT SH$0$X_1st core$0$WATER_LINE。
已清理 s。
已清理 SC-A-P-4.40$0$Axis_B1-NEW$0$ACAD_ISO02W100。
已清理 SC-A-P-4.40$0$Axis_B1-NEW$0$ACAD_ISO14W100。
已清理 SC-A-P-4.40$0$Axis_B1-NEW$0$DASHDOT。
已清理 SC-A-P-4.40$0$Axis_B1-NEW$0$DASHED。
已清理 SC-A-P-4.40$0$Axis_B1-NEW$0$PUNKT。
已清理 SC-A-P-4.40$0$Axis_B1-NEW$0$体育中心-FP1$0$ACAD_ISO02W100。
已清理 SC-A-P-4.40$0$Axis_B1-NEW$0$体育中心-FP1$0$ACAD_ISO14W100。
已清理 SC-A-P-4.40$0$Axis_B1-NEW$0$体育中心-FP1$0$DASHDOT。
已清理 SC-A-P-4.40$0$Axis_B1-NEW$0$体育中心-FP1$0$DASHED。
已清理 SC-A-P-4.40$0$Axis_B1-NEW$0$体育中心-FP1$0$PUNKT。
已清理 SC-A-P-4.40$0$Axis_B2-NEW$0$ACAD_ISO02W100。
已清理 SC-A-P-4.40$0$Axis_B2-NEW$0$ACAD_ISO14W100。
已清理 SC-A-P-4.40$0$Axis_B2-NEW$0$DASHDOT。
已清理 SC-A-P-4.40$0$Axis_B2-NEW$0$DASHED。
已清理 SC-A-P-4.40$0$Axis_B2-NEW$0$PUNKT。
已清理 SC-A-P-4.40$0$Axis_B2-NEW$0$体育中心-FP1$0$ACAD_ISO02W100。
已清理 SC-A-P-4.40$0$Axis_B2-NEW$0$体育中心-FP1$0$ACAD_ISO14W100。
已清理 SC-A-P-4.40$0$Axis_B2-NEW$0$体育中心-FP1$0$DASHDOT。
已清理 SC-A-P-4.40$0$Axis_B2-NEW$0$体育中心-FP1$0$DASHED。
已清理 SC-A-P-4.40$0$Axis_B2-NEW$0$体育中心-FP1$0$PUNKT。
已清理 SC-A-P-4.40$0$TK A0+0.5$0$COOR$0$X_PLAN-B1F$0$幕墙平面0415$0$HIDDEN2。
已清理 SC-A-P-4.40$0$TK A0+0.5$0$Dote$0$X_PLAN-B1F$0$幕墙平面0415$0$HIDDEN2。
已清理 SC-A-P-4.40$0$TK A0+0.5$0$X_LANDSCAPE$0$幕墙平面0415$0$HIDDEN2。
已清理 SC-A-P-4.40$0$TK A0+0.5$0$X_PLAN-02F$0$幕墙平面0415$0$HIDDEN2。
已清理 SC-A-P-4.40$0$TK A0+0.5$0$X_PLAN-B1F$0$幕墙平面0415$0$HIDDEN2。
已清理 SC-A-P-4.40$0$TK A0+0.5$0$X_PLAN-B1F$1$幕墙平面0415$0$HIDDEN2。
已清理 SC-A-P-4.40$0$TK A0+0.5$0$X0-A-P-04.10$0$X_PLAN-B1F$0$幕墙平面0415$0$HIDDEN2。
已清理 SC-A-P-4.40$0$TK A0+0.5$0$X0-A-P-08.30$0$X_PLAN-B1F$0$幕墙平面0415$0$HIDDEN2。
已清理 SC-A-P-4.40$0$TK A0+0.5$0$X0-A-P-14.70$0$X_PLAN-B1F$0$幕墙平面0415$0$HIDDEN2。
已清理 SC-A-P-4.40$0$TK A0+0.5$0$X0-A-P-19.10$0$X_PLAN-B1F$0$幕墙平面0415$0$HIDDEN2。
已清理 SC-A-P-4.40$0$TK A0+0.5$0$X0-A-P-29.00$0$X_PLAN-B1F$0$幕墙平面0415$0$HIDDEN2。
已清理 SC-A-P-4.40$0$TK A0+0.5$0$X0-A-P-33.40$0$X_PLAN-B1F$0$幕墙平面0415$0$HIDDEN2。
已清理 SC-A-P-4.40$0$TK A0+0.5$0$X0-A-P-37.80$0$X_PLAN-B1F$0$幕墙平面0415$0$HIDDEN2。
已清理 SC-A-P-4.40$0$TK A0+0.5$0$X0-A-P-42.20$0$X_PLAN-B1F$0$幕墙平面0415$0$HIDDEN2。
已清理 SC-A-P-4.40$0$TK A0+0.5$0$X0-A-P-46.60$0$X_PLAN-B1F$0$幕墙平面0415$0$HIDDEN2。
已清理 SC-A-P-4.40$0$TK A0+0.5$0$X0-A-P-51.00$0$X_PLAN-B1F$0$幕墙平面0415$0$HIDDEN2。
已清理 SC-A-P-4.40$0$TK A0+0.5$0$X0-A-P-55.40$0$X_PLAN-B1F$0$幕墙平面0415$0$HIDDEN2。
已清理 SC-A-P-4.40$0$TK A0+0.5$0$X0-A-P-59.80$0$X_PLAN-B1F$0$幕墙平面0415$0$HIDDEN2。
已清理 SC-A-P-4.40$0$TK A0+0.5$0$幕墙平面0415$0$HIDDEN2。
已清理 SECLIN。
已清理 signature-lss$0$COOR$0$X_PLAN-B1F$0$幕墙平面0415$0$HIDDEN2。
已清理 signature-lss$0$Dote$0$X_PLAN-B1F$0$幕墙平面0415$0$HIDDEN2。
已清理 signature-lss$0$X_LANDSCAPE$0$幕墙平面0415$0$HIDDEN2。
已清理 signature-lss$0$X_PLAN-02F$0$幕墙平面0415$0$HIDDEN2。
已清理 signature-lss$0$X_PLAN-B1F$0$幕墙平面0415$0$HIDDEN2。
已清理 signature-lss$0$X_PLAN-B1F$1$幕墙平面0415$0$HIDDEN2。
已清理 signature-lss$0$X0-A-P-04.10$0$X_PLAN-B1F$0$幕墙平面0415$0$HIDDEN2。
已清理 signature-lss$0$X0-A-P-08.30$0$X_PLAN-B1F$0$幕墙平面0415$0$HIDDEN2。
已清理 signature-lss$0$X0-A-P-14.70$0$X_PLAN-B1F$0$幕墙平面0415$0$HIDDEN2。
已清理 signature-lss$0$X0-A-P-19.10$0$X_PLAN-B1F$0$幕墙平面0415$0$HIDDEN2。
已清理 signature-lss$0$X0-A-P-29.00$0$X_PLAN-B1F$0$幕墙平面0415$0$HIDDEN2。
已清理 signature-lss$0$X0-A-P-33.40$0$X_PLAN-B1F$0$幕墙平面0415$0$HIDDEN2。
已清理 signature-lss$0$X0-A-P-37.80$0$X_PLAN-B1F$0$幕墙平面0415$0$HIDDEN2。
已清理 signature-lss$0$X0-A-P-42.20$0$X_PLAN-B1F$0$幕墙平面0415$0$HIDDEN2。
已清理 signature-lss$0$X0-A-P-46.60$0$X_PLAN-B1F$0$幕墙平面0415$0$HIDDEN2。
已清理 signature-lss$0$X0-A-P-51.00$0$X_PLAN-B1F$0$幕墙平面0415$0$HIDDEN2。
已清理 signature-lss$0$X0-A-P-55.40$0$X_PLAN-B1F$0$幕墙平面0415$0$HIDDEN2。
已清理 signature-lss$0$X0-A-P-59.80$0$X_PLAN-B1F$0$幕墙平面0415$0$HIDDEN2。
已清理 signature-lss$0$幕墙平面0415$0$HIDDEN2。
已清理 silt_fence。
已清理 skip 10 30 contrast。
已清理 skip10 10 20contrast。
已清理 SOFTENING-OF-WATER。
已清理 Specialty Restaurant$0$X-ME SHAFT SH$0$X-B2$0$CENTER。
已清理 Specialty Restaurant$0$X-ME SHAFT SH$0$X-B2$0$WATER_LINE。
已清理 Specialty Restaurant$0$X-ME SHAFT SH$0$X_1st core$0$CENTER。
已清理 Specialty Restaurant$0$X-ME SHAFT SH$0$X_1st core$0$WATER_LINE。
已清理 stm。
已清理 stripe08。
已清理 TEMPE。
已清理 TK A0$0$COOR$0$X_PLAN-B1F$0$幕墙平面0415$0$HIDDEN2。
已清理 TK A0$0$Dote$0$X_PLAN-B1F$0$幕墙平面0415$0$HIDDEN2。
已清理 TK A0$0$X_LANDSCAPE$0$幕墙平面0415$0$HIDDEN2。
已清理 TK A0$0$X_PLAN-02F$0$幕墙平面0415$0$HIDDEN2。
已清理 TK A0$0$X_PLAN-B1F$0$幕墙平面0415$0$HIDDEN2。
已清理 TK A0$0$X_PLAN-B1F$1$幕墙平面0415$0$HIDDEN2。
已清理 TK A0$0$X0-A-P-04.10$0$X_PLAN-B1F$0$幕墙平面0415$0$HIDDEN2。
已清理 TK A0$0$X0-A-P-08.30$0$X_PLAN-B1F$0$幕墙平面0415$0$HIDDEN2。
已清理 TK A0$0$X0-A-P-14.70$0$X_PLAN-B1F$0$幕墙平面0415$0$HIDDEN2。
已清理 TK A0$0$X0-A-P-19.10$0$X_PLAN-B1F$0$幕墙平面0415$0$HIDDEN2。
已清理 TK A0$0$X0-A-P-29.00$0$X_PLAN-B1F$0$幕墙平面0415$0$HIDDEN2。
已清理 TK A0$0$X0-A-P-33.40$0$X_PLAN-B1F$0$幕墙平面0415$0$HIDDEN2。
已清理 TK A0$0$X0-A-P-37.80$0$X_PLAN-B1F$0$幕墙平面0415$0$HIDDEN2。
已清理 TK A0$0$X0-A-P-42.20$0$X_PLAN-B1F$0$幕墙平面0415$0$HIDDEN2。
已清理 TK A0$0$X0-A-P-46.60$0$X_PLAN-B1F$0$幕墙平面0415$0$HIDDEN2。
已清理 TK A0$0$X0-A-P-51.00$0$X_PLAN-B1F$0$幕墙平面0415$0$HIDDEN2。
已清理 TK A0$0$X0-A-P-55.40$0$X_PLAN-B1F$0$幕墙平面0415$0$HIDDEN2。
已清理 TK A0$0$X0-A-P-59.80$0$X_PLAN-B1F$0$幕墙平面0415$0$HIDDEN2。
已清理 TK A0$0$幕墙平面0415$0$HIDDEN2。
已清理 TK A0+0.5$0$COOR$0$X_PLAN-B1F$0$幕墙平面0415$0$HIDDEN2。
已清理 TK A0+0.5$0$Dote$0$X_PLAN-B1F$0$幕墙平面0415$0$HIDDEN2。
已清理 TK A0+0.5$0$X_LANDSCAPE$0$幕墙平面0415$0$HIDDEN2。
已清理 TK A0+0.5$0$X_PLAN-02F$0$幕墙平面0415$0$HIDDEN2。
已清理 TK A0+0.5$0$X_PLAN-B1F$0$幕墙平面0415$0$HIDDEN2。
已清理 TK A0+0.5$0$X_PLAN-B1F$1$幕墙平面0415$0$HIDDEN2。
已清理 TK A0+0.5$0$X0-A-P-04.10$0$X_PLAN-B1F$0$幕墙平面0415$0$HIDDEN2。
已清理 TK A0+0.5$0$X0-A-P-08.30$0$X_PLAN-B1F$0$幕墙平面0415$0$HIDDEN2。
已清理 TK A0+0.5$0$X0-A-P-14.70$0$X_PLAN-B1F$0$幕墙平面0415$0$HIDDEN2。
已清理 TK A0+0.5$0$X0-A-P-19.10$0$X_PLAN-B1F$0$幕墙平面0415$0$HIDDEN2。
已清理 TK A0+0.5$0$X0-A-P-29.00$0$X_PLAN-B1F$0$幕墙平面0415$0$HIDDEN2。
已清理 TK A0+0.5$0$X0-A-P-33.40$0$X_PLAN-B1F$0$幕墙平面0415$0$HIDDEN2。
已清理 TK A0+0.5$0$X0-A-P-37.80$0$X_PLAN-B1F$0$幕墙平面0415$0$HIDDEN2。
已清理 TK A0+0.5$0$X0-A-P-42.20$0$X_PLAN-B1F$0$幕墙平面0415$0$HIDDEN2。
已清理 TK A0+0.5$0$X0-A-P-46.60$0$X_PLAN-B1F$0$幕墙平面0415$0$HIDDEN2。
已清理 TK A0+0.5$0$X0-A-P-51.00$0$X_PLAN-B1F$0$幕墙平面0415$0$HIDDEN2。
已清理 TK A0+0.5$0$X0-A-P-55.40$0$X_PLAN-B1F$0$幕墙平面0415$0$HIDDEN2。
已清理 TK A0+0.5$0$X0-A-P-59.80$0$X_PLAN-B1F$0$幕墙平面0415$0$HIDDEN2。
已清理 TK A0+0.5$0$幕墙平面0415$0$HIDDEN2。
已清理 TK A1$0$COOR$0$X_PLAN-B1F$0$幕墙平面0415$0$HIDDEN2。
已清理 TK A1$0$Dote$0$X_PLAN-B1F$0$幕墙平面0415$0$HIDDEN2。
已清理 TK A1$0$X_LANDSCAPE$0$幕墙平面0415$0$HIDDEN2。
已清理 TK A1$0$X_PLAN-02F$0$幕墙平面0415$0$HIDDEN2。
已清理 TK A1$0$X_PLAN-B1F$0$幕墙平面0415$0$HIDDEN2。
已清理 TK A1$0$X_PLAN-B1F$1$幕墙平面0415$0$HIDDEN2。
已清理 TK A1$0$X0-A-P-04.10$0$X_PLAN-B1F$0$幕墙平面0415$0$HIDDEN2。
已清理 TK A1$0$X0-A-P-08.30$0$X_PLAN-B1F$0$幕墙平面0415$0$HIDDEN2。
已清理 TK A1$0$X0-A-P-14.70$0$X_PLAN-B1F$0$幕墙平面0415$0$HIDDEN2。
已清理 TK A1$0$X0-A-P-19.10$0$X_PLAN-B1F$0$幕墙平面0415$0$HIDDEN2。
已清理 TK A1$0$X0-A-P-29.00$0$X_PLAN-B1F$0$幕墙平面0415$0$HIDDEN2。
已清理 TK A1$0$X0-A-P-33.40$0$X_PLAN-B1F$0$幕墙平面0415$0$HIDDEN2。
已清理 TK A1$0$X0-A-P-37.80$0$X_PLAN-B1F$0$幕墙平面0415$0$HIDDEN2。
已清理 TK A1$0$X0-A-P-42.20$0$X_PLAN-B1F$0$幕墙平面0415$0$HIDDEN2。
已清理 TK A1$0$X0-A-P-46.60$0$X_PLAN-B1F$0$幕墙平面0415$0$HIDDEN2。
已清理 TK A1$0$X0-A-P-51.00$0$X_PLAN-B1F$0$幕墙平面0415$0$HIDDEN2。
已清理 TK A1$0$X0-A-P-55.40$0$X_PLAN-B1F$0$幕墙平面0415$0$HIDDEN2。
已清理 TK A1$0$X0-A-P-59.80$0$X_PLAN-B1F$0$幕墙平面0415$0$HIDDEN2。
已清理 TK A1$0$幕墙平面0415$0$HIDDEN2。
已清理 TRAZOS。
已清理 TWPRGE。
已清理 VRV-REFRIGERANT-PIPE。
已清理 Wash Room$0$X-ME SHAFT SH$0$X-B2$0$CENTER。
已清理 Wash Room$0$X-ME SHAFT SH$0$X-B2$0$WATER_LINE。
已清理 Wash Room$0$X-ME SHAFT SH$0$X_1st core$0$CENTER。
已清理 Wash Room$0$X-ME SHAFT SH$0$X_1st core$0$WATER_LINE。
已清理 wetland。
已清理 woodline。
已清理 X-AXIS-1F$0$0924酒店修改$0${ Batten }。
已清理 X-AXIS-1F$0$Drawing3$0${ Batten }。
已清理 X-AXIS-1F$0${ Batten }。
已清理 X-AXIS-1F$0$剖面13$0$0924酒店修改$0${ Batten }。
已清理 X-AXIS-1F$0$剖面13$0$Drawing3$0${ Batten }。
已清理 X-AXIS-1F$0$剖面13$0${ Batten }。
已清理 X-AXIS-1F$0$剖面13$0$卫生间大样$0$0924酒店修改$0${ Batten }。
已清理 X-AXIS-1F$0$剖面13$0$卫生间大样$0$Drawing3$0${ Batten }。
已清理 X-AXIS-1F$0$卫生间大样$0$0924酒店修改$0${ Batten }。
已清理 X-AXIS-1F$0$卫生间大样$0$Drawing3$0${ Batten }。
已清理 X-AXIS-1F$1$0924酒店修改$0${ Batten }。
已清理 X-AXIS-1F$1$Drawing3$0${ Batten }。
已清理 X-AXIS-1F$1${ Batten }。
已清理 X-AXIS-1F$1$剖面13$0$0924酒店修改$0${ Batten }。
已清理 X-AXIS-1F$1$剖面13$0$Drawing3$0${ Batten }。
已清理 X-AXIS-1F$1$剖面13$0${ Batten }。
已清理 X-AXIS-1F$1$剖面13$0$卫生间大样$0$0924酒店修改$0${ Batten }。
已清理 X-AXIS-1F$1$剖面13$0$卫生间大样$0$Drawing3$0${ Batten }。
已清理 X-AXIS-1F$1$卫生间大样$0$0924酒店修改$0${ Batten }。
已清理 X-AXIS-1F$1$卫生间大样$0$Drawing3$0${ Batten }。
已清理 X-AXIS-3F$0$0924酒店修改$0${ Batten }。
已清理 X-AXIS-3F$0$Drawing3$0${ Batten }。
已清理 X-AXIS-3F$0${ Batten }。
已清理 X-AXIS-3F$0$剖面13$0$0924酒店修改$0${ Batten }。
已清理 X-AXIS-3F$0$剖面13$0$Drawing3$0${ Batten }。
已清理 X-AXIS-3F$0$剖面13$0${ Batten }。
已清理 X-AXIS-3F$0$剖面13$0$卫生间大样$0$0924酒店修改$0${ Batten }。
已清理 X-AXIS-3F$0$剖面13$0$卫生间大样$0$Drawing3$0${ Batten }。
已清理 X-AXIS-3F$0$卫生间大样$0$0924酒店修改$0${ Batten }。
已清理 X-AXIS-3F$0$卫生间大样$0$Drawing3$0${ Batten }。
已清理 X-AXIS-4F$0$0924酒店修改$0${ Batten }。
已清理 X-AXIS-4F$0$Drawing3$0${ Batten }。
已清理 X-AXIS-4F$0${ Batten }。
已清理 X-AXIS-4F$0$剖面13$0$0924酒店修改$0${ Batten }。
已清理 X-AXIS-4F$0$剖面13$0$Drawing3$0${ Batten }。
已清理 X-AXIS-4F$0$剖面13$0${ Batten }。
已清理 X-AXIS-4F$0$剖面13$0$卫生间大样$0$0924酒店修改$0${ Batten }。
已清理 X-AXIS-4F$0$剖面13$0$卫生间大样$0$Drawing3$0${ Batten }。
已清理 X-AXIS-4F$0$卫生间大样$0$0924酒店修改$0${ Batten }。
已清理 X-AXIS-4F$0$卫生间大样$0$Drawing3$0${ Batten }。
已清理 X-AXIS-B1$0$0924酒店修改$0${ Batten }。
已清理 X-AXIS-B1$0$Drawing3$0${ Batten }。
已清理 X-AXIS-B1$0$X-AXIS-1F$0$0924酒店修改$0${ Batten }。
已清理 X-AXIS-B1$0$X-AXIS-1F$0$Drawing3$0${ Batten }。
已清理 X-AXIS-B1$0$X-AXIS-1F$0${ Batten }。
已清理 X-AXIS-B1$0$X-AXIS-1F$0$剖面13$0$0924酒店修改$0${ Batten }。
已清理 X-AXIS-B1$0$X-AXIS-1F$0$剖面13$0$Drawing3$0${ Batten }。
已清理 X-AXIS-B1$0$X-AXIS-1F$0$剖面13$0${ Batten }。
已清理 X-AXIS-B1$0$X-AXIS-1F$0$剖面13$0$卫生间大样$0$0924酒店修改$0${ Batten }。
已清理 X-AXIS-B1$0$X-AXIS-1F$0$剖面13$0$卫生间大样$0$Drawing3$0${ Batten }。
已清理 X-AXIS-B1$0$X-AXIS-1F$0$卫生间大样$0$0924酒店修改$0${ Batten }。
已清理 X-AXIS-B1$0$X-AXIS-1F$0$卫生间大样$0$Drawing3$0${ Batten }。
已清理 X-AXIS-B1$0$X-SKIN-1F$0$0924酒店修改$0${ Batten }。
已清理 X-AXIS-B1$0$X-SKIN-1F$0$Drawing3$0${ Batten }。
已清理 X-AXIS-B1$0$X-SKIN-1F$0${ Batten }。
已清理 X-AXIS-B1$0$X-SKIN-1F$0$剖面13$0$0924酒店修改$0${ Batten }。
已清理 X-AXIS-B1$0$X-SKIN-1F$0$剖面13$0$Drawing3$0${ Batten }。
已清理 X-AXIS-B1$0$X-SKIN-1F$0$剖面13$0${ Batten }。
已清理 X-AXIS-B1$0$X-SKIN-1F$0$剖面13$0$卫生间大样$0$0924酒店修改$0${ Batten }。
已清理 X-AXIS-B1$0$X-SKIN-1F$0$剖面13$0$卫生间大样$0$Drawing3$0${ Batten }。
已清理 X-AXIS-B1$0$X-SKIN-1F$0$卫生间大样$0$0924酒店修改$0${ Batten }。
已清理 X-AXIS-B1$0$X-SKIN-1F$0$卫生间大样$0$Drawing3$0${ Batten }。
已清理 X-AXIS-B1$0$X-SKIN-2F$0$0924酒店修改$0${ Batten }。
已清理 X-AXIS-B1$0$X-SKIN-2F$0$Drawing3$0${ Batten }。
已清理 X-AXIS-B1$0$X-SKIN-2F$0${ Batten }。
已清理 X-AXIS-B1$0$X-SKIN-2F$0$剖面13$0$0924酒店修改$0${ Batten }。
已清理 X-AXIS-B1$0$X-SKIN-2F$0$剖面13$0$Drawing3$0${ Batten }。
已清理 X-AXIS-B1$0$X-SKIN-2F$0$剖面13$0${ Batten }。
已清理 X-AXIS-B1$0$X-SKIN-2F$0$剖面13$0$卫生间大样$0$0924酒店修改$0${ Batten }。
已清理 X-AXIS-B1$0$X-SKIN-2F$0$剖面13$0$卫生间大样$0$Drawing3$0${ Batten }。
已清理 X-AXIS-B1$0$X-SKIN-2F$0$卫生间大样$0$0924酒店修改$0${ Batten }。
已清理 X-AXIS-B1$0$X-SKIN-2F$0$卫生间大样$0$Drawing3$0${ Batten }。
已清理 X-AXIS-B1$0${ Batten }。
已清理 X-AXIS-B1$0$剖面13$0$0924酒店修改$0${ Batten }。
已清理 X-AXIS-B1$0$剖面13$0$Drawing3$0${ Batten }。
已清理 X-AXIS-B1$0$剖面13$0${ Batten }。
已清理 X-AXIS-B1$0$剖面13$0$卫生间大样$0$0924酒店修改$0${ Batten }。
已清理 X-AXIS-B1$0$剖面13$0$卫生间大样$0$Drawing3$0${ Batten }。
已清理 X-AXIS-B1$0$卫生间大样$0$0924酒店修改$0${ Batten }。
已清理 X-AXIS-B1$0$卫生间大样$0$Drawing3$0${ Batten }。
已清理 X-AXIS-rF$0$0924酒店修改$0${ Batten }。
已清理 X-AXIS-rF$0$Drawing3$0${ Batten }。
已清理 X-AXIS-rF$0${ Batten }。
已清理 X-AXIS-rF$0$剖面13$0$0924酒店修改$0${ Batten }。
已清理 X-AXIS-rF$0$剖面13$0$Drawing3$0${ Batten }。
已清理 X-AXIS-rF$0$剖面13$0${ Batten }。
已清理 X-AXIS-rF$0$剖面13$0$卫生间大样$0$0924酒店修改$0${ Batten }。
已清理 X-AXIS-rF$0$剖面13$0$卫生间大样$0$Drawing3$0${ Batten }。
已清理 X-AXIS-rF$0$卫生间大样$0$0924酒店修改$0${ Batten }。
已清理 X-AXIS-rF$0$卫生间大样$0$Drawing3$0${ Batten }。
已清理 X-ME SHAFT SH$0$X-B2$0$CENTER。
已清理 X-ME SHAFT SH$0$X-B2$0$WATER_LINE。
已清理 X-ME SHAFT SH$0$X_1st core$0$CENTER。
已清理 X-ME SHAFT SH$0$X_1st core$0$WATER_LINE。
已清理 X-SKIN-1F$0$0924酒店修改$0${ Batten }。
已清理 X-SKIN-1F$0$Drawing3$0${ Batten }。
已清理 X-SKIN-1F$0$X-AXIS-1F$0$0924酒店修改$0${ Batten }。
已清理 X-SKIN-1F$0$X-AXIS-1F$0$Drawing3$0${ Batten }。
已清理 X-SKIN-1F$0$X-AXIS-1F$0${ Batten }。
已清理 X-SKIN-1F$0$X-AXIS-1F$0$剖面13$0$0924酒店修改$0${ Batten }。
已清理 X-SKIN-1F$0$X-AXIS-1F$0$剖面13$0$Drawing3$0${ Batten }。
已清理 X-SKIN-1F$0$X-AXIS-1F$0$剖面13$0${ Batten }。
已清理 X-SKIN-1F$0$X-AXIS-1F$0$剖面13$0$卫生间大样$0$0924酒店修改$0${ Batten }。
已清理 X-SKIN-1F$0$X-AXIS-1F$0$剖面13$0$卫生间大样$0$Drawing3$0${ Batten }。
已清理 X-SKIN-1F$0$X-AXIS-1F$0$卫生间大样$0$0924酒店修改$0${ Batten }。
已清理 X-SKIN-1F$0$X-AXIS-1F$0$卫生间大样$0$Drawing3$0${ Batten }。
已清理 X-SKIN-1F$0$X-SKIN-1F$0$0924酒店修改$0${ Batten }。
已清理 X-SKIN-1F$0$X-SKIN-1F$0$Drawing3$0${ Batten }。
已清理 X-SKIN-1F$0$X-SKIN-1F$0${ Batten }。
已清理 X-SKIN-1F$0$X-SKIN-1F$0$剖面13$0$0924酒店修改$0${ Batten }。
已清理 X-SKIN-1F$0$X-SKIN-1F$0$剖面13$0$Drawing3$0${ Batten }。
已清理 X-SKIN-1F$0$X-SKIN-1F$0$剖面13$0${ Batten }。
已清理 X-SKIN-1F$0$X-SKIN-1F$0$剖面13$0$卫生间大样$0$0924酒店修改$0${ Batten }。
已清理 X-SKIN-1F$0$X-SKIN-1F$0$剖面13$0$卫生间大样$0$Drawing3$0${ Batten }。
已清理 X-SKIN-1F$0$X-SKIN-1F$0$卫生间大样$0$0924酒店修改$0${ Batten }。
已清理 X-SKIN-1F$0$X-SKIN-1F$0$卫生间大样$0$Drawing3$0${ Batten }。
已清理 X-SKIN-1F$0$X-SKIN-2F$0$0924酒店修改$0${ Batten }。
已清理 X-SKIN-1F$0$X-SKIN-2F$0$Drawing3$0${ Batten }。
已清理 X-SKIN-1F$0$X-SKIN-2F$0${ Batten }。
已清理 X-SKIN-1F$0$X-SKIN-2F$0$剖面13$0$0924酒店修改$0${ Batten }。
已清理 X-SKIN-1F$0$X-SKIN-2F$0$剖面13$0$Drawing3$0${ Batten }。
已清理 X-SKIN-1F$0$X-SKIN-2F$0$剖面13$0${ Batten }。
已清理 X-SKIN-1F$0$X-SKIN-2F$0$剖面13$0$卫生间大样$0$0924酒店修改$0${ Batten }。
已清理 X-SKIN-1F$0$X-SKIN-2F$0$剖面13$0$卫生间大样$0$Drawing3$0${ Batten }。
已清理 X-SKIN-1F$0$X-SKIN-2F$0$卫生间大样$0$0924酒店修改$0${ Batten }。
已清理 X-SKIN-1F$0$X-SKIN-2F$0$卫生间大样$0$Drawing3$0${ Batten }。
已清理 X-SKIN-1F$0${ Batten }。
已清理 X-SKIN-1F$0$剖面13$0$0924酒店修改$0${ Batten }。
已清理 X-SKIN-1F$0$剖面13$0$Drawing3$0${ Batten }。
已清理 X-SKIN-1F$0$剖面13$0${ Batten }。
已清理 X-SKIN-1F$0$剖面13$0$卫生间大样$0$0924酒店修改$0${ Batten }。
已清理 X-SKIN-1F$0$剖面13$0$卫生间大样$0$Drawing3$0${ Batten }。
已清理 X-SKIN-1F$0$卫生间大样$0$0924酒店修改$0${ Batten }。
已清理 X-SKIN-1F$0$卫生间大样$0$Drawing3$0${ Batten }。
已清理 X-SKIN-1F$1$0924酒店修改$0${ Batten }。
已清理 X-SKIN-1F$1$Drawing3$0${ Batten }。
已清理 X-SKIN-1F$1${ Batten }。
已清理 X-SKIN-1F$1$剖面13$0$0924酒店修改$0${ Batten }。
已清理 X-SKIN-1F$1$剖面13$0$Drawing3$0${ Batten }。
已清理 X-SKIN-1F$1$剖面13$0${ Batten }。
已清理 X-SKIN-1F$1$剖面13$0$卫生间大样$0$0924酒店修改$0${ Batten }。
已清理 X-SKIN-1F$1$剖面13$0$卫生间大样$0$Drawing3$0${ Batten }。
已清理 X-SKIN-1F$1$卫生间大样$0$0924酒店修改$0${ Batten }。
已清理 X-SKIN-1F$1$卫生间大样$0$Drawing3$0${ Batten }。
已清理 X-SKIN-2F$0$0924酒店修改$0${ Batten }。
已清理 X-SKIN-2F$0$Drawing3$0${ Batten }。
已清理 X-SKIN-2F$0$X-AXIS-1F$0$0924酒店修改$0${ Batten }。
已清理 X-SKIN-2F$0$X-AXIS-1F$0$Drawing3$0${ Batten }。
已清理 X-SKIN-2F$0$X-AXIS-1F$0${ Batten }。
已清理 X-SKIN-2F$0$X-AXIS-1F$0$剖面13$0$0924酒店修改$0${ Batten }。
已清理 X-SKIN-2F$0$X-AXIS-1F$0$剖面13$0$Drawing3$0${ Batten }。
已清理 X-SKIN-2F$0$X-AXIS-1F$0$剖面13$0${ Batten }。
已清理 X-SKIN-2F$0$X-AXIS-1F$0$剖面13$0$卫生间大样$0$0924酒店修改$0${ Batten }。
已清理 X-SKIN-2F$0$X-AXIS-1F$0$剖面13$0$卫生间大样$0$Drawing3$0${ Batten }。
已清理 X-SKIN-2F$0$X-AXIS-1F$0$卫生间大样$0$0924酒店修改$0${ Batten }。
已清理 X-SKIN-2F$0$X-AXIS-1F$0$卫生间大样$0$Drawing3$0${ Batten }。
已清理 X-SKIN-2F$0$X-SKIN-2F$0$0924酒店修改$0${ Batten }。
已清理 X-SKIN-2F$0$X-SKIN-2F$0$Drawing3$0${ Batten }。
已清理 X-SKIN-2F$0$X-SKIN-2F$0${ Batten }。
已清理 X-SKIN-2F$0$X-SKIN-2F$0$剖面13$0$0924酒店修改$0${ Batten }。
已清理 X-SKIN-2F$0$X-SKIN-2F$0$剖面13$0$Drawing3$0${ Batten }。
已清理 X-SKIN-2F$0$X-SKIN-2F$0$剖面13$0${ Batten }。
已清理 X-SKIN-2F$0$X-SKIN-2F$0$剖面13$0$卫生间大样$0$0924酒店修改$0${ Batten }。
已清理 X-SKIN-2F$0$X-SKIN-2F$0$剖面13$0$卫生间大样$0$Drawing3$0${ Batten }。
已清理 X-SKIN-2F$0$X-SKIN-2F$0$卫生间大样$0$0924酒店修改$0${ Batten }。
已清理 X-SKIN-2F$0$X-SKIN-2F$0$卫生间大样$0$Drawing3$0${ Batten }。
已清理 X-SKIN-2F$0${ Batten }。
已清理 X-SKIN-2F$0$剖面13$0$0924酒店修改$0${ Batten }。
已清理 X-SKIN-2F$0$剖面13$0$Drawing3$0${ Batten }。
已清理 X-SKIN-2F$0$剖面13$0${ Batten }。
已清理 X-SKIN-2F$0$剖面13$0$卫生间大样$0$0924酒店修改$0${ Batten }。
已清理 X-SKIN-2F$0$剖面13$0$卫生间大样$0$Drawing3$0${ Batten }。
已清理 X-SKIN-2F$0$卫生间大样$0$0924酒店修改$0${ Batten }。
已清理 X-SKIN-2F$0$卫生间大样$0$Drawing3$0${ Batten }。
已清理 X-SKIN-2F$1$0924酒店修改$0${ Batten }。
已清理 X-SKIN-2F$1$Drawing3$0${ Batten }。
已清理 X-SKIN-2F$1${ Batten }。
已清理 X-SKIN-2F$1$剖面13$0$0924酒店修改$0${ Batten }。
已清理 X-SKIN-2F$1$剖面13$0$Drawing3$0${ Batten }。
已清理 X-SKIN-2F$1$剖面13$0${ Batten }。
已清理 X-SKIN-2F$1$剖面13$0$卫生间大样$0$0924酒店修改$0${ Batten }。
已清理 X-SKIN-2F$1$剖面13$0$卫生间大样$0$Drawing3$0${ Batten }。
已清理 X-SKIN-2F$1$卫生间大样$0$0924酒店修改$0${ Batten }。
已清理 X-SKIN-2F$1$卫生间大样$0$Drawing3$0${ Batten }。
已清理 X-SKIN-3F$0$0924酒店修改$0${ Batten }。
已清理 X-SKIN-3F$0$Drawing3$0${ Batten }。
已清理 X-SKIN-3F$0$X-AXIS-1F$0$0924酒店修改$0${ Batten }。
已清理 X-SKIN-3F$0$X-AXIS-1F$0$Drawing3$0${ Batten }。
已清理 X-SKIN-3F$0$X-AXIS-1F$0${ Batten }。
已清理 X-SKIN-3F$0$X-AXIS-1F$0$剖面13$0$0924酒店修改$0${ Batten }。
已清理 X-SKIN-3F$0$X-AXIS-1F$0$剖面13$0$Drawing3$0${ Batten }。
已清理 X-SKIN-3F$0$X-AXIS-1F$0$剖面13$0${ Batten }。
已清理 X-SKIN-3F$0$X-AXIS-1F$0$剖面13$0$卫生间大样$0$0924酒店修改$0${ Batten }。
已清理 X-SKIN-3F$0$X-AXIS-1F$0$剖面13$0$卫生间大样$0$Drawing3$0${ Batten }。
已清理 X-SKIN-3F$0$X-AXIS-1F$0$卫生间大样$0$0924酒店修改$0${ Batten }。
已清理 X-SKIN-3F$0$X-AXIS-1F$0$卫生间大样$0$Drawing3$0${ Batten }。
已清理 X-SKIN-3F$0$X-SKIN-2F$0$0924酒店修改$0${ Batten }。
已清理 X-SKIN-3F$0$X-SKIN-2F$0$Drawing3$0${ Batten }。
已清理 X-SKIN-3F$0$X-SKIN-2F$0${ Batten }。
已清理 X-SKIN-3F$0$X-SKIN-2F$0$剖面13$0$0924酒店修改$0${ Batten }。
已清理 X-SKIN-3F$0$X-SKIN-2F$0$剖面13$0$Drawing3$0${ Batten }。
已清理 X-SKIN-3F$0$X-SKIN-2F$0$剖面13$0${ Batten }。
已清理 X-SKIN-3F$0$X-SKIN-2F$0$剖面13$0$卫生间大样$0$0924酒店修改$0${ Batten }。
已清理 X-SKIN-3F$0$X-SKIN-2F$0$剖面13$0$卫生间大样$0$Drawing3$0${ Batten }。
已清理 X-SKIN-3F$0$X-SKIN-2F$0$卫生间大样$0$0924酒店修改$0${ Batten }。
已清理 X-SKIN-3F$0$X-SKIN-2F$0$卫生间大样$0$Drawing3$0${ Batten }。
已清理 X-SKIN-3F$0${ Batten }。
已清理 X-SKIN-3F$0$剖面13$0$0924酒店修改$0${ Batten }。
已清理 X-SKIN-3F$0$剖面13$0$Drawing3$0${ Batten }。
已清理 X-SKIN-3F$0$剖面13$0${ Batten }。
已清理 X-SKIN-3F$0$剖面13$0$卫生间大样$0$0924酒店修改$0${ Batten }。
已清理 X-SKIN-3F$0$剖面13$0$卫生间大样$0$Drawing3$0${ Batten }。
已清理 X-SKIN-3F$0$卫生间大样$0$0924酒店修改$0${ Batten }。
已清理 X-SKIN-3F$0$卫生间大样$0$Drawing3$0${ Batten }。
已清理 X-SKIN-4F$0$0924酒店修改$0${ Batten }。
已清理 X-SKIN-4F$0$Drawing3$0${ Batten }。
已清理 X-SKIN-4F$0$X-AXIS-1F$0$0924酒店修改$0${ Batten }。
已清理 X-SKIN-4F$0$X-AXIS-1F$0$Drawing3$0${ Batten }。
已清理 X-SKIN-4F$0$X-AXIS-1F$0${ Batten }。
已清理 X-SKIN-4F$0$X-AXIS-1F$0$剖面13$0$0924酒店修改$0${ Batten }。
已清理 X-SKIN-4F$0$X-AXIS-1F$0$剖面13$0$Drawing3$0${ Batten }。
已清理 X-SKIN-4F$0$X-AXIS-1F$0$剖面13$0${ Batten }。
已清理 X-SKIN-4F$0$X-AXIS-1F$0$剖面13$0$卫生间大样$0$0924酒店修改$0${ Batten }。
已清理 X-SKIN-4F$0$X-AXIS-1F$0$剖面13$0$卫生间大样$0$Drawing3$0${ Batten }。
已清理 X-SKIN-4F$0$X-AXIS-1F$0$卫生间大样$0$0924酒店修改$0${ Batten }。
已清理 X-SKIN-4F$0$X-AXIS-1F$0$卫生间大样$0$Drawing3$0${ Batten }。
已清理 X-SKIN-4F$0$X-SKIN-2F$0$0924酒店修改$0${ Batten }。
已清理 X-SKIN-4F$0$X-SKIN-2F$0$Drawing3$0${ Batten }。
已清理 X-SKIN-4F$0$X-SKIN-2F$0${ Batten }。
已清理 X-SKIN-4F$0$X-SKIN-2F$0$剖面13$0$0924酒店修改$0${ Batten }。
已清理 X-SKIN-4F$0$X-SKIN-2F$0$剖面13$0$Drawing3$0${ Batten }。
已清理 X-SKIN-4F$0$X-SKIN-2F$0$剖面13$0${ Batten }。
已清理 X-SKIN-4F$0$X-SKIN-2F$0$剖面13$0$卫生间大样$0$0924酒店修改$0${ Batten }。
已清理 X-SKIN-4F$0$X-SKIN-2F$0$剖面13$0$卫生间大样$0$Drawing3$0${ Batten }。
已清理 X-SKIN-4F$0$X-SKIN-2F$0$卫生间大样$0$0924酒店修改$0${ Batten }。
已清理 X-SKIN-4F$0$X-SKIN-2F$0$卫生间大样$0$Drawing3$0${ Batten }。
已清理 X-SKIN-4F$0${ Batten }。
已清理 X-SKIN-4F$0$剖面13$0$0924酒店修改$0${ Batten }。
已清理 X-SKIN-4F$0$剖面13$0$Drawing3$0${ Batten }。
已清理 X-SKIN-4F$0$剖面13$0${ Batten }。
已清理 X-SKIN-4F$0$剖面13$0$卫生间大样$0$0924酒店修改$0${ Batten }。
已清理 X-SKIN-4F$0$剖面13$0$卫生间大样$0$Drawing3$0${ Batten }。
已清理 X-SKIN-4F$0$卫生间大样$0$0924酒店修改$0${ Batten }。
已清理 X-SKIN-4F$0$卫生间大样$0$Drawing3$0${ Batten }。
已清理 X-SKIN-5F$0$0924酒店修改$0${ Batten }。
已清理 X-SKIN-5F$0$Drawing3$0${ Batten }。
已清理 X-SKIN-5F$0$X-AXIS-1F$0$0924酒店修改$0${ Batten }。
已清理 X-SKIN-5F$0$X-AXIS-1F$0$Drawing3$0${ Batten }。
已清理 X-SKIN-5F$0$X-AXIS-1F$0${ Batten }。
已清理 X-SKIN-5F$0$X-AXIS-1F$0$剖面13$0$0924酒店修改$0${ Batten }。
已清理 X-SKIN-5F$0$X-AXIS-1F$0$剖面13$0$Drawing3$0${ Batten }。
已清理 X-SKIN-5F$0$X-AXIS-1F$0$剖面13$0${ Batten }。
已清理 X-SKIN-5F$0$X-AXIS-1F$0$剖面13$0$卫生间大样$0$0924酒店修改$0${ Batten }。
已清理 X-SKIN-5F$0$X-AXIS-1F$0$剖面13$0$卫生间大样$0$Drawing3$0${ Batten }。
已清理 X-SKIN-5F$0$X-AXIS-1F$0$卫生间大样$0$0924酒店修改$0${ Batten }。
已清理 X-SKIN-5F$0$X-AXIS-1F$0$卫生间大样$0$Drawing3$0${ Batten }。
已清理 X-SKIN-5F$0$X-SKIN-2F$0$0924酒店修改$0${ Batten }。
已清理 X-SKIN-5F$0$X-SKIN-2F$0$Drawing3$0${ Batten }。
已清理 X-SKIN-5F$0$X-SKIN-2F$0${ Batten }。
已清理 X-SKIN-5F$0$X-SKIN-2F$0$剖面13$0$0924酒店修改$0${ Batten }。
已清理 X-SKIN-5F$0$X-SKIN-2F$0$剖面13$0$Drawing3$0${ Batten }。
已清理 X-SKIN-5F$0$X-SKIN-2F$0$剖面13$0${ Batten }。
已清理 X-SKIN-5F$0$X-SKIN-2F$0$剖面13$0$卫生间大样$0$0924酒店修改$0${ Batten }。
已清理 X-SKIN-5F$0$X-SKIN-2F$0$剖面13$0$卫生间大样$0$Drawing3$0${ Batten }。
已清理 X-SKIN-5F$0$X-SKIN-2F$0$卫生间大样$0$0924酒店修改$0${ Batten }。
已清理 X-SKIN-5F$0$X-SKIN-2F$0$卫生间大样$0$Drawing3$0${ Batten }。
已清理 X-SKIN-5F$0${ Batten }。
已清理 X-SKIN-5F$0$剖面13$0$0924酒店修改$0${ Batten }。
已清理 X-SKIN-5F$0$剖面13$0$Drawing3$0${ Batten }。
已清理 X-SKIN-5F$0$剖面13$0${ Batten }。
已清理 X-SKIN-5F$0$剖面13$0$卫生间大样$0$0924酒店修改$0${ Batten }。
已清理 X-SKIN-5F$0$剖面13$0$卫生间大样$0$Drawing3$0${ Batten }。
已清理 X-SKIN-5F$0$卫生间大样$0$0924酒店修改$0${ Batten }。
已清理 X-SKIN-5F$0$卫生间大样$0$Drawing3$0${ Batten }。
已清理 X-SKIN-rF$0$0924酒店修改$0${ Batten }。
已清理 X-SKIN-rF$0$Drawing3$0${ Batten }。
已清理 X-SKIN-rF$0${ Batten }。
已清理 X-SKIN-rF$0$剖面13$0$0924酒店修改$0${ Batten }。
已清理 X-SKIN-rF$0$剖面13$0$Drawing3$0${ Batten }。
已清理 X-SKIN-rF$0$剖面13$0${ Batten }。
已清理 X-SKIN-rF$0$剖面13$0$卫生间大样$0$0924酒店修改$0${ Batten }。
已清理 X-SKIN-rF$0$剖面13$0$卫生间大样$0$Drawing3$0${ Batten }。
已清理 X-SKIN-rF$0$卫生间大样$0$0924酒店修改$0${ Batten }。
已清理 X-SKIN-rF$0$卫生间大样$0$Drawing3$0${ Batten }。
已清理 xs-park-cols-b3$0$X-ME SHAFT SH$0$X-B2$0$CENTER。
已清理 xs-park-cols-b3$0$X-ME SHAFT SH$0$X-B2$0$WATER_LINE。
已清理 xs-park-cols-b3$0$X-ME SHAFT SH$0$X_1st core$0$CENTER。
已清理 xs-park-cols-b3$0$X-ME SHAFT SH$0$X_1st core$0$WATER_LINE。
已清理 xs-park-cols-L4$0$b3-b1$0$b3-b1$0$X-ME SHAFT SH$0$X-B2$0$CENTER。
已清理 xs-park-cols-L4$0$b3-b1$0$b3-b1$0$X-ME SHAFT SH$0$X-B2$0$WATER_LINE。
已清理 xs-park-cols-L4$0$b3-b1$0$b3-b1$0$X-ME SHAFT SH$0$X_1st core$0$CENTER。
已清理 xs-park-cols-L4$0$b3-b1$0$b3-b1$0$X-ME SHAFT SH$0$X_1st core$0$WATER_LINE。
已清理 xs-park-cols-L4$0$b3-b1$0$X-ME SHAFT SH$0$X-B2$0$CENTER。
已清理 xs-park-cols-L4$0$b3-b1$0$X-ME SHAFT SH$0$X-B2$0$WATER_LINE。
已清理 xs-park-cols-L4$0$b3-b1$0$X-ME SHAFT SH$0$X_1st core$0$CENTER。
已清理 xs-park-cols-L4$0$b3-b1$0$X-ME SHAFT SH$0$X_1st core$0$WATER_LINE。
已清理 xs-park-cols-L4$0$b3-b1$0$xs-park-cols-b3$0$X-ME SHAFT SH$0$X-B2$0$CENTER。
已清理 xs-park-cols-L4$0$b3-b1$0$xs-park-cols-b3$0$X-ME SHAFT SH$0$X-B2$0$WATER_LINE。
已清理 xs-park-cols-L4$0$b3-b1$0$xs-park-cols-b3$0$X-ME SHAFT SH$0$X_1st core$0$CENTER。
已清理 xs-park-cols-L4$0$b3-b1$0$xs-park-cols-b3$0$X-ME SHAFT SH$0$X_1st core$0$WATER_LINE。
已清理 xs-park-cols-L4$0$RFwall-B3$0$X-ME SHAFT SH$0$X-B2$0$CENTER。
已清理 xs-park-cols-L4$0$RFwall-B3$0$X-ME SHAFT SH$0$X-B2$0$WATER_LINE。
已清理 xs-park-cols-L4$0$RFwall-B3$0$X-ME SHAFT SH$0$X_1st core$0$CENTER。
已清理 xs-park-cols-L4$0$RFwall-B3$0$X-ME SHAFT SH$0$X_1st core$0$WATER_LINE。
已清理 xs-park-cols-L4$0$X-ME SHAFT SH$0$X-B2$0$CENTER。
已清理 xs-park-cols-L4$0$X-ME SHAFT SH$0$X-B2$0$WATER_LINE。
已清理 xs-park-cols-L4$0$X-ME SHAFT SH$0$X_1st core$0$CENTER。
已清理 xs-park-cols-L4$0$X-ME SHAFT SH$0$X_1st core$0$WATER_LINE。
已清理 xs-park-cols-L4$0$xs-park-cols-b3$0$X-ME SHAFT SH$0$X-B2$0$CENTER。
已清理 xs-park-cols-L4$0$xs-park-cols-b3$0$X-ME SHAFT SH$0$X-B2$0$WATER_LINE。
已清理 xs-park-cols-L4$0$xs-park-cols-b3$0$X-ME SHAFT SH$0$X_1st core$0$CENTER。
已清理 xs-park-cols-L4$0$xs-park-cols-b3$0$X-ME SHAFT SH$0$X_1st core$0$WATER_LINE。
已清理 xs-park-cols-L5$0$b3-b1$0$b3-b1$0$X-ME SHAFT SH$0$X-B2$0$CENTER。
已清理 xs-park-cols-L5$0$b3-b1$0$b3-b1$0$X-ME SHAFT SH$0$X-B2$0$WATER_LINE。
已清理 xs-park-cols-L5$0$b3-b1$0$b3-b1$0$X-ME SHAFT SH$0$X_1st core$0$CENTER。
已清理 xs-park-cols-L5$0$b3-b1$0$b3-b1$0$X-ME SHAFT SH$0$X_1st core$0$WATER_LINE。
已清理 xs-park-cols-L5$0$b3-b1$0$X-ME SHAFT SH$0$X-B2$0$CENTER。
已清理 xs-park-cols-L5$0$b3-b1$0$X-ME SHAFT SH$0$X-B2$0$WATER_LINE。
已清理 xs-park-cols-L5$0$b3-b1$0$X-ME SHAFT SH$0$X_1st core$0$CENTER。
已清理 xs-park-cols-L5$0$b3-b1$0$X-ME SHAFT SH$0$X_1st core$0$WATER_LINE。
已清理 xs-park-cols-L5$0$b3-b1$0$xs-park-cols-b3$0$X-ME SHAFT SH$0$X-B2$0$CENTER。
已清理 xs-park-cols-L5$0$b3-b1$0$xs-park-cols-b3$0$X-ME SHAFT SH$0$X-B2$0$WATER_LINE。
已清理 xs-park-cols-L5$0$b3-b1$0$xs-park-cols-b3$0$X-ME SHAFT SH$0$X_1st core$0$CENTER。
已清理 xs-park-cols-L5$0$b3-b1$0$xs-park-cols-b3$0$X-ME SHAFT SH$0$X_1st core$0$WATER_LINE。
已清理 xs-park-cols-L5$0$RFwall-B3$0$X-ME SHAFT SH$0$X-B2$0$CENTER。
已清理 xs-park-cols-L5$0$RFwall-B3$0$X-ME SHAFT SH$0$X-B2$0$WATER_LINE。
已清理 xs-park-cols-L5$0$RFwall-B3$0$X-ME SHAFT SH$0$X_1st core$0$CENTER。
已清理 xs-park-cols-L5$0$RFwall-B3$0$X-ME SHAFT SH$0$X_1st core$0$WATER_LINE。
已清理 xs-park-cols-L5$0$X-ME SHAFT SH$0$X-B2$0$CENTER。
已清理 xs-park-cols-L5$0$X-ME SHAFT SH$0$X-B2$0$WATER_LINE。
已清理 xs-park-cols-L5$0$X-ME SHAFT SH$0$X_1st core$0$CENTER。
已清理 xs-park-cols-L5$0$X-ME SHAFT SH$0$X_1st core$0$WATER_LINE。
已清理 xs-park-cols-L5$0$xs-park-cols-b3$0$X-ME SHAFT SH$0$X-B2$0$CENTER。
已清理 xs-park-cols-L5$0$xs-park-cols-b3$0$X-ME SHAFT SH$0$X-B2$0$WATER_LINE。
已清理 xs-park-cols-L5$0$xs-park-cols-b3$0$X-ME SHAFT SH$0$X_1st core$0$CENTER。
已清理 xs-park-cols-L5$0$xs-park-cols-b3$0$X-ME SHAFT SH$0$X_1st core$0$WATER_LINE。
已清理 XST-SMX-E-BEAM-F1$0$XCI-800-CUT$0$302-11-002$0$OH_DUPLEX。
已清理 XST-SMX-E-BEAM-F1$0$XCI-800-CUT$0$302-11-002$0$OH_QUAD。
已清理 XST-SMX-E-BEAM-F1$0$XCI-800-CUT$0$302-11-002$0$OH_TRIPLEX。
已清理 { -E- }。
已清理 { Batten }。
已清理 { Gas Line }。
已清理 { Half Dash }。
已清理 { Offset Lines }。
已清理 { Origin Line }。
已清理 \U+00CA\U+00DB\U+00C2\U+00A5\U+00B4\U+00A6\U+00BC°1#\U+00C9\U+00CC\U+00D2\U+00B5\U+00B5÷\U+00D5\U+00FB20140805$0${ Batten }。
已清理 \U+00CA\U+00DB\U+00C2\U+00A5\U+00B4\U+00A6\U+00BC°1#\U+00C9\U+00CC\U+00D2\U+00B5\U+00B5÷\U+00D5\U+00FB20140805$0$\U+00CA\U+00DB\U+00C2\U+00A5\U+00B4\U+00A6\U+00C6\U+00BD\U+00A1\U+00A2\U+00C1\U+00A2\U+00A1\U+00A2\U+00C6\U+00CA\U+00C3\U+00E6\U+00CD\U+00BC20140724$0${ Batten }。
已清理 \U+00CA\U+00DB\U+00C2\U+00A5\U+00B4\U+00A6\U+00C6\U+00BD\U+00A1\U+00A2\U+00C1\U+00A2\U+00A1\U+00A2\U+00C6\U+00CA\U+00C3\U+00E6\U+00CD\U+00BC20140729_t3$0${ Batten }。
已清理 \U+00CA\U+00DB\U+00C2\U+00A5\U+00B4\U+00A6\U+00C6\U+00BD\U+00A1\U+00A2\U+00C1\U+00A2\U+00A1\U+00A2\U+00C6\U+00CA\U+00C3\U+00E6\U+00CD\U+00BC20140729_t3$0$\U+00CA\U+00DB\U+00C2\U+00A5\U+00B4\U+00A6\U+00C6\U+00BD\U+00A1\U+00A2\U+00C1\U+00A2\U+00A1\U+00A2\U+00C6\U+00CA\U+00C3\U+00E6\U+00CD\U+00BC20140724$0${ Batten }。
已清理 体育中心-FP1$0$ACAD_ISO02W100。
已清理 体育中心-FP1$0$ACAD_ISO14W100。
已清理 体育中心-FP1$0$DASHDOT。
已清理 体育中心-FP1$0$DASHED。
已清理 体育中心-FP1$0$PUNKT。
已清理 剖面13$0$0924酒店修改$0${ Batten }。
已清理 剖面13$0$Drawing3$0${ Batten }。
已清理 剖面13$0${ Batten }。
已清理 剖面13$0$卫生间大样$0$0924酒店修改$0${ Batten }。
已清理 剖面13$0$卫生间大样$0$Drawing3$0${ Batten }。
已清理 化粪池挡土墙$0$180_110。
已清理 卫生间大样$0$0924酒店修改$0${ Batten }。
已清理 卫生间大样$0$Drawing3$0${ Batten }。
已清理 复件 140224通州运河二期售楼部条件图_t3$0$PHANTOM。
已清理 复件 140224通州运河二期售楼部条件图_t3$0$X-ME SHAFT SH$0$X-B2$0$CENTER。
已清理 复件 140224通州运河二期售楼部条件图_t3$0$X-ME SHAFT SH$0$X-B2$0$WATER_LINE。
已清理 复件 140224通州运河二期售楼部条件图_t3$0$X-ME SHAFT SH$0$X_1st core$0$CENTER。
已清理 复件 140224通州运河二期售楼部条件图_t3$0$X-ME SHAFT SH$0$X_1st core$0$WATER_LINE。
已清理 钢梁表-图纸说明-层高表$0$b3-b1$0$b3-b1$0$X-ME SHAFT SH$0$X-B2$0$CENTER。
已清理 钢梁表-图纸说明-层高表$0$b3-b1$0$b3-b1$0$X-ME SHAFT SH$0$X-B2$0$WATER_LINE。
已清理 钢梁表-图纸说明-层高表$0$b3-b1$0$b3-b1$0$X-ME SHAFT SH$0$X_1st core$0$CENTER。
已清理 钢梁表-图纸说明-层高表$0$b3-b1$0$b3-b1$0$X-ME SHAFT SH$0$X_1st core$0$WATER_LINE。
已清理 钢梁表-图纸说明-层高表$0$b3-b1$0$X-ME SHAFT SH$0$X-B2$0$CENTER。
已清理 钢梁表-图纸说明-层高表$0$b3-b1$0$X-ME SHAFT SH$0$X-B2$0$WATER_LINE。
已清理 钢梁表-图纸说明-层高表$0$b3-b1$0$X-ME SHAFT SH$0$X_1st core$0$CENTER。
已清理 钢梁表-图纸说明-层高表$0$b3-b1$0$X-ME SHAFT SH$0$X_1st core$0$WATER_LINE。
已清理 钢梁表-图纸说明-层高表$0$b3-b1$0$xs-park-cols-b3$0$X-ME SHAFT SH$0$X-B2$0$CENTER。
已清理 钢梁表-图纸说明-层高表$0$b3-b1$0$xs-park-cols-b3$0$X-ME SHAFT SH$0$X-B2$0$WATER_LINE。
已清理 钢梁表-图纸说明-层高表$0$b3-b1$0$xs-park-cols-b3$0$X-ME SHAFT SH$0$X_1st core$0$CENTER。
已清理 钢梁表-图纸说明-层高表$0$b3-b1$0$xs-park-cols-b3$0$X-ME SHAFT SH$0$X_1st core$0$WATER_LINE。
已清理 钢梁表-图纸说明-层高表$0$RFwall-B3$0$X-ME SHAFT SH$0$X-B2$0$CENTER。
已清理 钢梁表-图纸说明-层高表$0$RFwall-B3$0$X-ME SHAFT SH$0$X-B2$0$WATER_LINE。
已清理 钢梁表-图纸说明-层高表$0$RFwall-B3$0$X-ME SHAFT SH$0$X_1st core$0$CENTER。
已清理 钢梁表-图纸说明-层高表$0$RFwall-B3$0$X-ME SHAFT SH$0$X_1st core$0$WATER_LINE。
已清理 钢梁表-图纸说明-层高表$0$X-ME SHAFT SH$0$X-B2$0$CENTER。
已清理 钢梁表-图纸说明-层高表$0$X-ME SHAFT SH$0$X-B2$0$WATER_LINE。
已清理 钢梁表-图纸说明-层高表$0$X-ME SHAFT SH$0$X_1st core$0$CENTER。
已清理 钢梁表-图纸说明-层高表$0$X-ME SHAFT SH$0$X_1st core$0$WATER_LINE。
已清理 钢梁表-图纸说明-层高表$0$xs-park-cols-b3$0$X-ME SHAFT SH$0$X-B2$0$CENTER。
已清理 钢梁表-图纸说明-层高表$0$xs-park-cols-b3$0$X-ME SHAFT SH$0$X-B2$0$WATER_LINE。
已清理 钢梁表-图纸说明-层高表$0$xs-park-cols-b3$0$X-ME SHAFT SH$0$X_1st core$0$CENTER。
已清理 钢梁表-图纸说明-层高表$0$xs-park-cols-b3$0$X-ME SHAFT SH$0$X_1st core$0$WATER_LINE。
已清理 acsxw。
已清理 gpshz。
已清理 gpsxw。
已清理 romans。
已清理 VRV-TAB-TEXT。
已清理 !1#$0$Standard。
已清理 !2#$0$Standard。
已清理 !4#10#$0$Standard。
已清理 !7#$0$Standard。
已清理 !地下室$0$!1#$0$Standard。
已清理 !地下室$0$!2#$0$Standard。
已清理 !地下室$0$!4#10#$0$Standard。
已清理 !地下室$0$!7#$0$Standard。
已清理 !地下室$0$!地下室$0$Standard。
已清理 1#1F$0$Standard。
已清理 1#1F$0$Styleltypeshp。
已清理 1#1F$0$Styletxt。
已清理 HVAC。
已清理 Styleltypeshp。
已清理 Styletxt。

命令: ST
STYLE 
命令: *取消*

命令: *取消*

命令:  
命令: 
