[ AutoCAD - Wed Sep 21 16:42:42 2022  ]----------------------------------------

正在打开 AutoCAD 2004/LT 2004 格式的文件。
正在重生成模型。


AutoCAD 菜单实用工具 已加载。
贱人工具箱已加载，启动命令：y、yy; 错误: 

命令: 

Autodesk DWG。  此文件上次由 Autodesk 应用程序或 Autodesk 许可的应用程序保存，是可靠的 DWG。

命令: 

命令: 
命令: 指定对角点或 [栏选(F)/圈围(WP)/圈交(CP)]: 
命令: E
ERASE 找到 3 个

命令: PU
PURGE 
命令: *取消*

命令: 
命令: 
命令: 
命令: _pasteclip 忽略块 _ArchTick 的重复定义。
忽略块 _DOT 的重复定义。
忽略块 E-配电箱-竖向干线 的重复定义。
指定插入点: 
命令: *取消*

命令: FF_GENERATEMONITORSYSTEM

选择对象: 指定对角点: 找到 1 个

选择对象:  ok!
命令: FF_GENERATEMONITORSYSTEM

选择对象: 指定对角点: 找到 1 个

选择对象:  ok!
命令: 
命令: 
命令: 
命令: _SelectSimilar 
命令: *取消*

命令: 
命令: *取消*

命令: 
命令: *取消*

命令: 
命令: *取消*

命令: 
命令: *取消*

命令: 
命令: *取消*

命令: 
命令: *取消*

命令: 
命令: *取消*

命令: 
命令: *取消*

命令: 
命令: *取消*

命令: 
命令: *取消*

命令: 
命令: *取消*

命令: 
命令: *取消*

命令: 
命令: 
命令: *取消*

命令: 
命令: *取消*

命令: *取消*

