[ AutoCAD - Wed Sep 21 13:41:42 2022  ]----------------------------------------
正在加载 AEC Base...
正在加载 AEC Base Extended...
正在加载 AEC 核心...
正在加载 AEC Project Base...
正在加载 AEC Schedule...
正在加载 AEC Architectural Base...

正在打开 AutoCAD 2004/LT 2004 格式的文件。
正在重生成模型。


AutoCAD 菜单实用工具 已加载。
贱人工具箱已加载，启动命令：y、yy; 错误: 
*取消*

命令: 

Autodesk DWG。  此文件上次由 Autodesk 应用程序或 Autodesk 许可的应用程序保存，是可靠的 DWG。

命令: 

命令: 
命令: 指定对角点或 [栏选(F)/圈围(WP)/圈交(CP)]: 
命令: *取消*

命令: NETLOAD

命令: FF_GENERATEMONITORSYSTEM

选择对象: 指定对角点: 找到 1 个

选择对象:  ok!
命令:  FF_GENERATEMONITORSYSTEM

选择对象: 指定对角点: 找到 1 个

选择对象:  ok!
命令: 指定对角点或 [栏选(F)/圈围(WP)/圈交(CP)]: 
命令:  FF_GENERATEMONITORSYSTEM

选择对象: 指定对角点: 找到 1 个

选择对象:  ok!
命令: *取消*

命令: FF_GENERATEMONITORSYSTEM

选择对象: 指定对角点: 找到 1 个

选择对象:  ok!
命令: *取消*

命令:  FF_GENERATEMONITORSYSTEM

选择对象: 指定对角点: 找到 1 个

选择对象:  ok!
命令: 
命令: 
命令: 
命令: _refedit 
用 REFCLOSE 或“参照编辑”工具栏来结束参照编辑任务。

命令: L
LINE 
指定第一个点: 0,0,0

指定下一点或 [放弃(U)]: *取消*

命令: 
命令: 
命令: _refclose 
输入选项 [保存参照修改(S)/放弃参照修改(D)] <保存参照修改>: _disc 
正在重生成模型。

命令: 
命令: 
命令: 
命令: _resetblock 已重置 1 个块。

命令: 
命令: 
命令: 
命令: _-bedit 正在重生成模型。

命令: 了0,0,0
未知命令“了0,0,0”。按 F1 查看帮助。

命令: *取消*

命令: *取消*

命令: L
LINE 
指定第一个点: 0,0,0

指定下一点或 [放弃(U)]: 
指定下一点或 [放弃(U)]: *取消*

命令: 
命令: E
ERASE 找到 1 个

命令: 
命令: 
命令: _BCLOSE 正在重生成模型。

命令: 
命令: 指定对角点或 [栏选(F)/圈围(WP)/圈交(CP)]: 
命令: *取消*

命令: 指定对角点或 [栏选(F)/圈围(WP)/圈交(CP)]: 
命令: *取消*

命令: 指定对角点或 [栏选(F)/圈围(WP)/圈交(CP)]: 
命令: *取消*

命令: *取消*

命令: 指定对角点或 [栏选(F)/圈围(WP)/圈交(CP)]: 
命令: *取消*

命令: 指定对角点或 [栏选(F)/圈围(WP)/圈交(CP)]: *取消*

命令: 
命令: *取消*

命令: 
命令: *取消*

命令: *取消*

命令: L
LINE 
指定第一个点: 
指定下一点或 [放弃(U)]: 
指定下一点或 [放弃(U)]: *取消*

命令: 
命令: C
COPY 找到 1 个

当前设置:  复制模式 = 多个
指定基点或 [位移(D)/模式(O)] <位移>: 
指定第二个点或 [阵列(A)] <使用第一个点作为位移>: 
指定第二个点或 [阵列(A)/退出(E)/放弃(U)] <退出>: *取消*

命令: 
命令: E
ERASE 找到 1 个

命令: 
命令: C
COPY 找到 1 个

当前设置:  复制模式 = 多个
指定基点或 [位移(D)/模式(O)] <位移>: 
指定第二个点或 [阵列(A)] <使用第一个点作为位移>: 
指定第二个点或 [阵列(A)/退出(E)/放弃(U)] <退出>: *取消*

命令: *取消*

命令: 
命令: E
ERASE 找到 1 个

命令: 
命令: *取消*

命令: *取消*

命令: 指定对角点或 [栏选(F)/圈围(WP)/圈交(CP)]: *取消*

命令: *取消*

命令: FF_GENERATEMONITORSYSTEM

选择对象: 指定对角点: 找到 1 个

选择对象:  ok!
命令: 指定对角点或 [栏选(F)/圈围(WP)/圈交(CP)]: 
命令: *取消*

命令: 指定对角点或 [栏选(F)/圈围(WP)/圈交(CP)]: 
命令: C
COPY 找到 3 个

当前设置:  复制模式 = 多个
指定基点或 [位移(D)/模式(O)] <位移>: 
指定第二个点或 [阵列(A)] <使用第一个点作为位移>: 
指定第二个点或 [阵列(A)/退出(E)/放弃(U)] <退出>: *取消*

命令: 
命令: 
命令: _open 
命令: 
自动保存到 C:\Users\53-LIU~1\AppData\Local\Temp\强电-标准系统图_1_8948_bdece426.sv$ ...

命令: 
