[ AutoCAD - Wed Sep 21 14:19:14 2022  ]----------------------------------------
正在加载 AEC Base...
正在加载 AEC Base Extended...
正在加载 AEC 核心...
正在加载 AEC Project Base...
正在加载 AEC Schedule...
正在加载 AEC Architectural Base...

正在打开 AutoCAD 2004/LT 2004 格式的文件。
正在重生成模型。


AutoCAD 菜单实用工具 已加载。
贱人工具箱已加载，启动命令：y、yy; 错误: 
*取消*

命令: 

Autodesk DWG。  此文件上次由 Autodesk 应用程序或 Autodesk 许可的应用程序保存，是可靠的 DWG。

命令: 

命令: 
命令: NETLOAD

命令: FF_GENERATEMONITORSYSTEM

选择对象: 指定对角点: 找到 1 个

选择对象:  ok!
命令:  FF_GENERATEMONITORSYSTEM

选择对象: 指定对角点: 找到 1 个

选择对象:  ok!
命令:  FF_GENERATEMONITORSYSTEM

选择对象: 指定对角点: 找到 1 个

