[ AutoCAD - Wed Sep 21 13:55:58 2022  ]----------------------------------------

正在打开 AutoCAD 2004/LT 2004 格式的文件。
正在重生成模型。


AutoCAD 菜单实用工具 已加载。
贱人工具箱已加载，启动命令：y、yy
命令: 

Autodesk DWG。  此文件上次由 Autodesk 应用程序或 Autodesk 许可的应用程序保存，是可靠的 DWG。

命令: 

命令: 
命令: 指定对角点或 [栏选(F)/圈围(WP)/圈交(CP)]: 
命令: C
COPY 找到 3 个

当前设置:  复制模式 = 多个
指定基点或 [位移(D)/模式(O)] <位移>: 
指定第二个点或 [阵列(A)] <使用第一个点作为位移>: 
指定第二个点或 [阵列(A)/退出(E)/放弃(U)] <退出>: 
指定第二个点或 [阵列(A)/退出(E)/放弃(U)] <退出>: 
指定第二个点或 [阵列(A)/退出(E)/放弃(U)] <退出>: 
指定第二个点或 [阵列(A)/退出(E)/放弃(U)] <退出>: 
指定第二个点或 [阵列(A)/退出(E)/放弃(U)] <退出>: 
指定第二个点或 [阵列(A)/退出(E)/放弃(U)] <退出>: 
指定第二个点或 [阵列(A)/退出(E)/放弃(U)] <退出>: 
指定第二个点或 [阵列(A)/退出(E)/放弃(U)] <退出>: *取消*

命令: *取消*

命令: Y

(提示：请选择以数字或字母结尾的单行文字)
选择对象: 

输入递增值<1>: 

选择要修改的单行文字(或按Esc结束命令):
选择要修改的单行文字(或按Esc结束命令):
选择要修改的单行文字(或按Esc结束命令):
选择要修改的单行文字(或按Esc结束命令):
选择要修改的单行文字(或按Esc结束命令):
选择要修改的单行文字(或按Esc结束命令):
选择要修改的单行文字(或按Esc结束命令):
选择要修改的单行文字(或按Esc结束命令):
选择要修改的单行文字(或按Esc结束命令):
选择要修改的单行文字(或按Esc结束命令):*取消*
"函数已取消"

命令: 
命令: 
命令: _qsave 
命令: FF_GENERATEMONITORSYSTEM

选择对象: 指定对角点: 找到 9 个

选择对象:  ok!
命令: 指定对角点或 [栏选(F)/圈围(WP)/圈交(CP)]: 
命令:  FF_GENERATEMONITORSYSTEM

选择对象: 指定对角点: 找到 9 个

选择对象:  ok!
